;  LST file generated by mikroListExporter - v.2.0 
; Date/Time: 20/01/2024 12:34:54
;----------------------------------------------

;Address Opcode 	ASM
0x0000	0x2D2E      	GOTO       1326
_interrupt:
0x0004	0x00FF      	MOVWF      R15
0x0005	0x0E03      	SWAPF      STATUS, 0
0x0006	0x0183      	CLRF       STATUS
0x0007	0x00CA      	MOVWF      ___saveSTATUS
0x0008	0x080A      	MOVF       PCLATH, 0
0x0009	0x00C9      	MOVWF      ___savePCLATH
0x000A	0x018A      	CLRF       PCLATH
0x000B	0x0870      	MOVF       R0, 0
0x000C	0x00AC      	MOVWF      44
0x000D	0x0871      	MOVF       R1, 0
0x000E	0x00AB      	MOVWF      43
0x000F	0x0872      	MOVF       R2, 0
0x0010	0x00AA      	MOVWF      42
0x0011	0x0873      	MOVF       R3, 0
0x0012	0x00A9      	MOVWF      41
0x0013	0x0874      	MOVF       R4, 0
0x0014	0x00A8      	MOVWF      40
0x0015	0x0875      	MOVF       R5, 0
0x0016	0x00A7      	MOVWF      39
0x0017	0x0878      	MOVF       R8, 0
0x0018	0x00A6      	MOVWF      38
0x0019	0x0879      	MOVF       R9, 0
0x001A	0x00A5      	MOVWF      37
0x001B	0x087A      	MOVF       R10, 0
0x001C	0x00A4      	MOVWF      36
0x001D	0x087B      	MOVF       R11, 0
0x001E	0x00A3      	MOVWF      35
0x001F	0x087C      	MOVF       R12, 0
0x0020	0x00A2      	MOVWF      34
0x0021	0x087D      	MOVF       R13, 0
0x0022	0x00A1      	MOVWF      33
;MyProject.c,38 :: 		void interrupt(void) {
;MyProject.c,39 :: 		if (INTCON & 0x02)   // External Interrupt - IR SENSOR
0x0023	0x1C8B      	BTFSS      INTCON, 1
0x0024	0x2833      	GOTO       L_interrupt0
;MyProject.c,42 :: 		for (ii = 0; ii < 5; ii++)
0x0025	0x01D1      	CLRF       interrupt_ii_L1
L_interrupt1:
0x0026	0x3005      	MOVLW      5
0x0027	0x0251      	SUBWF      interrupt_ii_L1, 0
0x0028	0x1803      	BTFSC      STATUS, 0
0x0029	0x2831      	GOTO       L_interrupt2
;MyProject.c,44 :: 		PORTB = PORTB | 0x80; // Set RB7   BUZZER ON
0x002A	0x1786      	BSF        PORTB, 7
;MyProject.c,45 :: 		myDDelay();
0x002B	0x246C      	CALL       _myDDelay
;MyProject.c,46 :: 		PORTB = PORTB & 0x7F; // Clear RB7
0x002C	0x307F      	MOVLW      127
0x002D	0x0586      	ANDWF      PORTB, 1
;MyProject.c,47 :: 		myDDelay();
0x002E	0x246C      	CALL       _myDDelay
;MyProject.c,42 :: 		for (ii = 0; ii < 5; ii++)
0x002F	0x0AD1      	INCF       interrupt_ii_L1, 1
;MyProject.c,49 :: 		}
0x0030	0x2826      	GOTO       L_interrupt1
L_interrupt2:
;MyProject.c,50 :: 		INTCON = INTCON & 0xFD;// CLear INTF
0x0031	0x30FD      	MOVLW      253
0x0032	0x058B      	ANDWF      INTCON, 1
;MyProject.c,51 :: 		}
L_interrupt0:
;MyProject.c,53 :: 		if (INTCON & 0x04) {// will get here every 1ms
0x0033	0x1D0B      	BTFSS      INTCON, 2
0x0034	0x2899      	GOTO       L_interrupt4
;MyProject.c,54 :: 		TMR0 = 248;
0x0035	0x30F8      	MOVLW      248
0x0036	0x0081      	MOVWF      TMR0
;MyProject.c,55 :: 		Mcntr++;
0x0037	0x0AC2      	INCF       _Mcntr, 1
0x0038	0x1903      	BTFSC      STATUS, 2
0x0039	0x0AC3      	INCF       _Mcntr+1, 1
;MyProject.c,56 :: 		Dcntr++;
0x003A	0x0AC4      	INCF       _Dcntr, 1
0x003B	0x1903      	BTFSC      STATUS, 2
0x003C	0x0AC5      	INCF       _Dcntr+1, 1
;MyProject.c,57 :: 		if (Dcntr == 500) {//after 500 ms
0x003D	0x0845      	MOVF       _Dcntr+1, 0
0x003E	0x3A01      	XORLW      1
0x003F	0x1D03      	BTFSS      STATUS, 2
0x0040	0x2843      	GOTO       L__interrupt48
0x0041	0x30F4      	MOVLW      244
0x0042	0x0644      	XORWF      _Dcntr, 0
L__interrupt48:
0x0043	0x1D03      	BTFSS      STATUS, 2
0x0044	0x2897      	GOTO       L_interrupt5
;MyProject.c,58 :: 		Dcntr = 0;
0x0045	0x01C4      	CLRF       _Dcntr
0x0046	0x01C5      	CLRF       _Dcntr+1
;MyProject.c,63 :: 		ATD_init_LDR();
0x0047	0x2490      	CALL       _ATD_init_LDR
;MyProject.c,64 :: 		voltage = LDR_Servo();
0x0048	0x2498      	CALL       _LDR_Servo
0x0049	0x0870      	MOVF       R0, 0
0x004A	0x00BF      	MOVWF      _voltage
0x004B	0x0871      	MOVF       R0+1, 0
0x004C	0x00C0      	MOVWF      _voltage+1
;MyProject.c,65 :: 		if ((voltage == 0) & (current_state != 0)) {
0x004D	0x3000      	MOVLW      0
0x004E	0x0671      	XORWF      R0+1, 0
0x004F	0x1D03      	BTFSS      STATUS, 2
0x0050	0x2853      	GOTO       L__interrupt49
0x0051	0x3000      	MOVLW      0
0x0052	0x0670      	XORWF      R0, 0
L__interrupt49:
0x0053	0x3001      	MOVLW      1
0x0054	0x1D03      	BTFSS      STATUS, 2
0x0055	0x3000      	MOVLW      0
0x0056	0x00F2      	MOVWF      R2
0x0057	0x0848      	MOVF       _current_state, 0
0x0058	0x3A00      	XORLW      0
0x0059	0x3001      	MOVLW      1
0x005A	0x1903      	BTFSC      STATUS, 2
0x005B	0x3000      	MOVLW      0
0x005C	0x00F0      	MOVWF      R0
0x005D	0x0872      	MOVF       R2, 0
0x005E	0x05F0      	ANDWF      R0, 1
0x005F	0x1903      	BTFSC      STATUS, 2
0x0060	0x2865      	GOTO       L_interrupt6
;MyProject.c,66 :: 		current_state = 0;
0x0061	0x01C8      	CLRF       _current_state
;MyProject.c,67 :: 		Rotation0();
0x0062	0x2505      	CALL       _Rotation0
;MyProject.c,68 :: 		PORTD = 0x00;
0x0063	0x0188      	CLRF       PORTD
;MyProject.c,69 :: 		} //0 Degree
0x0064	0x2897      	GOTO       L_interrupt7
L_interrupt6:
;MyProject.c,70 :: 		else if ((voltage == 1) & (current_state != 1)) {
0x0065	0x3000      	MOVLW      0
0x0066	0x0640      	XORWF      _voltage+1, 0
0x0067	0x1D03      	BTFSS      STATUS, 2
0x0068	0x286B      	GOTO       L__interrupt50
0x0069	0x3001      	MOVLW      1
0x006A	0x063F      	XORWF      _voltage, 0
L__interrupt50:
0x006B	0x3001      	MOVLW      1
0x006C	0x1D03      	BTFSS      STATUS, 2
0x006D	0x3000      	MOVLW      0
0x006E	0x00F1      	MOVWF      R1
0x006F	0x0848      	MOVF       _current_state, 0
0x0070	0x3A01      	XORLW      1
0x0071	0x3001      	MOVLW      1
0x0072	0x1903      	BTFSC      STATUS, 2
0x0073	0x3000      	MOVLW      0
0x0074	0x00F0      	MOVWF      R0
0x0075	0x0871      	MOVF       R1, 0
0x0076	0x05F0      	ANDWF      R0, 1
0x0077	0x1903      	BTFSC      STATUS, 2
0x0078	0x287E      	GOTO       L_interrupt8
;MyProject.c,71 :: 		current_state = 1;
0x0079	0x3001      	MOVLW      1
0x007A	0x00C8      	MOVWF      _current_state
;MyProject.c,72 :: 		Rotation45();
0x007B	0x24DD      	CALL       _Rotation45
;MyProject.c,73 :: 		PORTD = 0x00;
0x007C	0x0188      	CLRF       PORTD
;MyProject.c,74 :: 		}//45 Degree
0x007D	0x2897      	GOTO       L_interrupt9
L_interrupt8:
;MyProject.c,75 :: 		else if ((voltage == 2) & (current_state != 2)) {
0x007E	0x3000      	MOVLW      0
0x007F	0x0640      	XORWF      _voltage+1, 0
0x0080	0x1D03      	BTFSS      STATUS, 2
0x0081	0x2884      	GOTO       L__interrupt51
0x0082	0x3002      	MOVLW      2
0x0083	0x063F      	XORWF      _voltage, 0
L__interrupt51:
0x0084	0x3001      	MOVLW      1
0x0085	0x1D03      	BTFSS      STATUS, 2
0x0086	0x3000      	MOVLW      0
0x0087	0x00F1      	MOVWF      R1
0x0088	0x0848      	MOVF       _current_state, 0
0x0089	0x3A02      	XORLW      2
0x008A	0x3001      	MOVLW      1
0x008B	0x1903      	BTFSC      STATUS, 2
0x008C	0x3000      	MOVLW      0
0x008D	0x00F0      	MOVWF      R0
0x008E	0x0871      	MOVF       R1, 0
0x008F	0x05F0      	ANDWF      R0, 1
0x0090	0x1903      	BTFSC      STATUS, 2
0x0091	0x2897      	GOTO       L_interrupt10
;MyProject.c,76 :: 		current_state = 2;
0x0092	0x3002      	MOVLW      2
0x0093	0x00C8      	MOVWF      _current_state
;MyProject.c,77 :: 		Rotation90();
0x0094	0x24B2      	CALL       _Rotation90
;MyProject.c,78 :: 		PORTD = 0x01;
0x0095	0x3001      	MOVLW      1
0x0096	0x0088      	MOVWF      PORTD
;MyProject.c,79 :: 		} //90 Degree
L_interrupt10:
L_interrupt9:
L_interrupt7:
;MyProject.c,81 :: 		}
L_interrupt5:
;MyProject.c,83 :: 		INTCON = INTCON & 0xFB; //clear T0IF
0x0097	0x30FB      	MOVLW      251
0x0098	0x058B      	ANDWF      INTCON, 1
;MyProject.c,84 :: 		}
L_interrupt4:
;MyProject.c,86 :: 		}
L_end_interrupt:
L__interrupt47:
0x0099	0x082C      	MOVF       44, 0
0x009A	0x00F0      	MOVWF      R0
0x009B	0x082B      	MOVF       43, 0
0x009C	0x00F1      	MOVWF      R1
0x009D	0x082A      	MOVF       42, 0
0x009E	0x00F2      	MOVWF      R2
0x009F	0x0829      	MOVF       41, 0
0x00A0	0x00F3      	MOVWF      R3
0x00A1	0x0828      	MOVF       40, 0
0x00A2	0x00F4      	MOVWF      R4
0x00A3	0x0827      	MOVF       39, 0
0x00A4	0x00F5      	MOVWF      R5
0x00A5	0x0826      	MOVF       38, 0
0x00A6	0x00F8      	MOVWF      R8
0x00A7	0x0825      	MOVF       37, 0
0x00A8	0x00F9      	MOVWF      R9
0x00A9	0x0824      	MOVF       36, 0
0x00AA	0x00FA      	MOVWF      R10
0x00AB	0x0823      	MOVF       35, 0
0x00AC	0x00FB      	MOVWF      R11
0x00AD	0x0822      	MOVF       34, 0
0x00AE	0x00FC      	MOVWF      R12
0x00AF	0x0821      	MOVF       33, 0
0x00B0	0x00FD      	MOVWF      R13
0x00B1	0x0849      	MOVF       ___savePCLATH, 0
0x00B2	0x008A      	MOVWF      PCLATH
0x00B3	0x0E4A      	SWAPF      ___saveSTATUS, 0
0x00B4	0x0083      	MOVWF      STATUS
0x00B5	0x0EFF      	SWAPF      R15, 1
0x00B6	0x0E7F      	SWAPF      R15, 0
0x00B7	0x0009      	RETFIE
; end of _interrupt
_RES032:
;__Lib_MathDouble.c,123 :: 		
;__Lib_MathDouble.c,128 :: 		
0x00B8	0x01F2      	CLRF       R2
;__Lib_MathDouble.c,129 :: 		
0x00B9	0x01F1      	CLRF       R1
;__Lib_MathDouble.c,130 :: 		
0x00BA	0x01F0      	CLRF       R0
;__Lib_MathDouble.c,131 :: 		
0x00BB	0x01F8      	CLRF       R8
;__Lib_MathDouble.c,132 :: 		
0x00BC	0x01F3      	CLRF       R3
;__Lib_MathDouble.c,133 :: 		
0x00BD	0x3000      	MOVLW      0
;__Lib_MathDouble.c,135 :: 		
L_end_RES032:
0x00BE	0x0008      	RETURN
; end of _RES032
_SETFUN32:
;__Lib_MathDouble.c,138 :: 		
;__Lib_MathDouble.c,145 :: 		
0x00BF	0x157B      	BSF        R11, 2
;__Lib_MathDouble.c,146 :: 		
0x00C0	0x1FFB      	BTFSS      R11, 7
;__Lib_MathDouble.c,147 :: 		
0x00C1	0x28C9      	GOTO       SETFUN32EEE
;__Lib_MathDouble.c,148 :: 		
0x00C2	0x3001      	MOVLW      1
;__Lib_MathDouble.c,149 :: 		
0x00C3	0x00F3      	MOVWF      R3
;__Lib_MathDouble.c,150 :: 		
0x00C4	0x01F2      	CLRF       R2
;__Lib_MathDouble.c,151 :: 		
0x00C5	0x01F1      	CLRF       R1
;__Lib_MathDouble.c,152 :: 		
0x00C6	0x01F0      	CLRF       R0
;__Lib_MathDouble.c,153 :: 		
0x00C7	0x0DFA      	RLF        R10, 1
;__Lib_MathDouble.c,154 :: 		
0x00C8	0x0CF2      	RRF        R2, 1
;__Lib_MathDouble.c,155 :: 		
SETFUN32EEE:
;__Lib_MathDouble.c,156 :: 		
0x00C9	0x30FF      	MOVLW      255
;__Lib_MathDouble.c,158 :: 		
L_end_SETFUN32:
0x00CA	0x0008      	RETURN
; end of _SETFUN32
_FIXSIGN32:
;__Lib_MathDouble.c,112 :: 		
;__Lib_MathDouble.c,116 :: 		
0x00CB	0x1FFA      	BTFSS      R10, 7
;__Lib_MathDouble.c,117 :: 		
0x00CC	0x13F2      	BCF        R2, 7
;__Lib_MathDouble.c,118 :: 		
0x00CD	0x3000      	MOVLW      0
;__Lib_MathDouble.c,120 :: 		
L_end_FIXSIGN32:
0x00CE	0x0008      	RETURN
; end of _FIXSIGN32
_NRM3232:
;__Lib_MathDouble.c,167 :: 		
;__Lib_MathDouble.c,173 :: 		
;__Lib_MathDouble.c,175 :: 		
0x00CF	0x01A0      	CLRF       __math_tempbD
;__Lib_MathDouble.c,176 :: 		
0x00D0	0x0872      	MOVF       R2, 0
;__Lib_MathDouble.c,177 :: 		
0x00D1	0x1D03      	BTFSS      STATUS, 2
;__Lib_MathDouble.c,178 :: 		
0x00D2	0x28E4      	GOTO       NORM3232
;__Lib_MathDouble.c,179 :: 		
0x00D3	0x0871      	MOVF       R1, 0
;__Lib_MathDouble.c,180 :: 		
0x00D4	0x00F2      	MOVWF      R2
;__Lib_MathDouble.c,181 :: 		
0x00D5	0x0870      	MOVF       R0, 0
;__Lib_MathDouble.c,182 :: 		
0x00D6	0x00F1      	MOVWF      R1
;__Lib_MathDouble.c,183 :: 		
0x00D7	0x01F0      	CLRF       R0
;__Lib_MathDouble.c,184 :: 		
0x00D8	0x15A0      	BSF        __math_tempbD, 3
;__Lib_MathDouble.c,186 :: 		
0x00D9	0x0872      	MOVF       R2, 0
;__Lib_MathDouble.c,187 :: 		
0x00DA	0x1D03      	BTFSS      STATUS, 2
;__Lib_MathDouble.c,188 :: 		
0x00DB	0x28E4      	GOTO       NORM3232
;__Lib_MathDouble.c,189 :: 		
0x00DC	0x0871      	MOVF       R1, 0
;__Lib_MathDouble.c,190 :: 		
0x00DD	0x00F2      	MOVWF      R2
;__Lib_MathDouble.c,191 :: 		
0x00DE	0x01F1      	CLRF       R1
;__Lib_MathDouble.c,192 :: 		
0x00DF	0x11A0      	BCF        __math_tempbD, 3
;__Lib_MathDouble.c,193 :: 		
0x00E0	0x1620      	BSF        __math_tempbD, 4
;__Lib_MathDouble.c,195 :: 		
0x00E1	0x0872      	MOVF       R2, 0
;__Lib_MathDouble.c,196 :: 		
0x00E2	0x1903      	BTFSC      STATUS, 2
;__Lib_MathDouble.c,197 :: 		
0x00E3	0x28F2      	GOTO       JPNRES032
;__Lib_MathDouble.c,198 :: 		
NORM3232:
;__Lib_MathDouble.c,199 :: 		
0x00E4	0x0820      	MOVF       __math_tempbD, 0
;__Lib_MathDouble.c,200 :: 		
0x00E5	0x02F3      	SUBWF      R3, 1
;__Lib_MathDouble.c,201 :: 		
0x00E6	0x1D03      	BTFSS      STATUS, 2
;__Lib_MathDouble.c,202 :: 		
0x00E7	0x1C03      	BTFSS      STATUS, 0
;__Lib_MathDouble.c,203 :: 		
0x00E8	0x28F6      	GOTO       JPNSETFUN32
;__Lib_MathDouble.c,204 :: 		
0x00E9	0x1003      	BCF        STATUS, 0
;__Lib_MathDouble.c,205 :: 		
NORM3232A:
;__Lib_MathDouble.c,206 :: 		
0x00EA	0x1BF2      	BTFSC      R2, 7
;__Lib_MathDouble.c,207 :: 		
0x00EB	0x28FA      	GOTO       JMPNFIXSIGN32
;__Lib_MathDouble.c,208 :: 		
0x00EC	0x0DF0      	RLF        R0, 1
;__Lib_MathDouble.c,209 :: 		
0x00ED	0x0DF1      	RLF        R1, 1
;__Lib_MathDouble.c,210 :: 		
0x00EE	0x0DF2      	RLF        R2, 1
;__Lib_MathDouble.c,211 :: 		
0x00EF	0x0BF3      	DECFSZ     R3, 1
;__Lib_MathDouble.c,212 :: 		
0x00F0	0x28EA      	GOTO       NORM3232A
;__Lib_MathDouble.c,213 :: 		
0x00F1	0x28F6      	GOTO       JPNSETFUN32
;__Lib_MathDouble.c,214 :: 		
JPNRES032:
;__Lib_MathDouble.c,215 :: 		
0x00F2	0x3001      	MOVLW      1
;__Lib_MathDouble.c,216 :: 		
0x00F3	0x00FC      	MOVWF      R12
;__Lib_MathDouble.c,218 :: 		
0x00F4	0x20B8      	CALL       _RES032
;__Lib_MathDouble.c,220 :: 		
0x00F5	0x28FD      	GOTO       NORM32EEE
;__Lib_MathDouble.c,221 :: 		
JPNSETFUN32:
;__Lib_MathDouble.c,222 :: 		
0x00F6	0x3002      	MOVLW      2
;__Lib_MathDouble.c,223 :: 		
0x00F7	0x00FC      	MOVWF      R12
;__Lib_MathDouble.c,225 :: 		
0x00F8	0x20BF      	CALL       _SETFUN32
;__Lib_MathDouble.c,227 :: 		
0x00F9	0x28FD      	GOTO       NORM32EEE
;__Lib_MathDouble.c,228 :: 		
JMPNFIXSIGN32:
;__Lib_MathDouble.c,229 :: 		
0x00FA	0x3004      	MOVLW      4
;__Lib_MathDouble.c,230 :: 		
0x00FB	0x00FC      	MOVWF      R12
;__Lib_MathDouble.c,232 :: 		
0x00FC	0x20CB      	CALL       _FIXSIGN32
;__Lib_MathDouble.c,234 :: 		
NORM32EEE:
;__Lib_MathDouble.c,236 :: 		
L_end_NRM3232:
0x00FD	0x0008      	RETURN
; end of _NRM3232
_SETFOV32:
;__Lib_MathDouble.c,79 :: 		
;__Lib_MathDouble.c,86 :: 		
0x00FE	0x14FB      	BSF        R11, 1
;__Lib_MathDouble.c,87 :: 		
0x00FF	0x1FFB      	BTFSS      R11, 7
;__Lib_MathDouble.c,88 :: 		
0x0100	0x2908      	GOTO       SETFOV32EEE
;__Lib_MathDouble.c,89 :: 		
0x0101	0x30FF      	MOVLW      255
;__Lib_MathDouble.c,90 :: 		
0x0102	0x00F3      	MOVWF      R3
;__Lib_MathDouble.c,91 :: 		
0x0103	0x00F2      	MOVWF      R2
;__Lib_MathDouble.c,92 :: 		
0x0104	0x00F1      	MOVWF      R1
;__Lib_MathDouble.c,93 :: 		
0x0105	0x00F0      	MOVWF      R0
;__Lib_MathDouble.c,94 :: 		
0x0106	0x0DFA      	RLF        R10, 1
;__Lib_MathDouble.c,95 :: 		
0x0107	0x0CF2      	RRF        R2, 1
;__Lib_MathDouble.c,96 :: 		
SETFOV32EEE:
;__Lib_MathDouble.c,97 :: 		
0x0108	0x30FF      	MOVLW      255
;__Lib_MathDouble.c,99 :: 		
L_end_SETFOV32:
0x0109	0x0008      	RETURN
; end of _SETFOV32
_SETIOV3224:
;__Lib_MathDouble.c,1000 :: 		
;__Lib_MathDouble.c,1006 :: 		
0x010A	0x147B      	BSF        R11, 0
;__Lib_MathDouble.c,1007 :: 		
0x010B	0x1FFB      	BTFSS      R11, 7
;__Lib_MathDouble.c,1008 :: 		
0x010C	0x2915      	GOTO       SETIOV3224EEE
;__Lib_MathDouble.c,1010 :: 		
0x010D	0x01F2      	CLRF       R2
;__Lib_MathDouble.c,1011 :: 		
0x010E	0x1FFA      	BTFSS      R10, 7
;__Lib_MathDouble.c,1012 :: 		
0x010F	0x30FF      	MOVLW      255
;__Lib_MathDouble.c,1013 :: 		
0x0110	0x00F2      	MOVWF      R2
;__Lib_MathDouble.c,1014 :: 		
0x0111	0x00F1      	MOVWF      R1
;__Lib_MathDouble.c,1015 :: 		
0x0112	0x00F0      	MOVWF      R0
;__Lib_MathDouble.c,1016 :: 		
0x0113	0x0DFA      	RLF        R10, 1
;__Lib_MathDouble.c,1017 :: 		
0x0114	0x0CF2      	RRF        R2, 1
;__Lib_MathDouble.c,1018 :: 		
SETIOV3224EEE:
;__Lib_MathDouble.c,1019 :: 		
0x0115	0x30FF      	MOVLW      255
;__Lib_MathDouble.c,1021 :: 		
L_end_SETIOV3224:
0x0116	0x0008      	RETURN
; end of _SETIOV3224
_SETFDZ32:
;__Lib_MathDouble.c,102 :: 		
;__Lib_MathDouble.c,105 :: 		
0x0117	0x15FB      	BSF        R11, 3
;__Lib_MathDouble.c,106 :: 		
0x0118	0x30FF      	MOVLW      255
;__Lib_MathDouble.c,108 :: 		
L_end_SETFDZ32:
0x0119	0x0008      	RETURN
; end of _SETFDZ32
_word2double:
;__Lib_MathDouble.c,1862 :: 		
;__Lib_MathDouble.c,1868 :: 		
0x011A	0x1283      	BCF        STATUS, 5
;__Lib_MathDouble.c,1869 :: 		
0x011B	0x1303      	BCF        STATUS, 6
;__Lib_MathDouble.c,1870 :: 		
0x011C	0x0870      	MOVF       R0, 0
;__Lib_MathDouble.c,1871 :: 		
0x011D	0x00F8      	MOVWF      R8
;__Lib_MathDouble.c,1872 :: 		
0x011E	0x0871      	MOVF       R1, 0
;__Lib_MathDouble.c,1873 :: 		
0x011F	0x00F0      	MOVWF      R0
;__Lib_MathDouble.c,1874 :: 		
0x0120	0x01F1      	CLRF       R1
;__Lib_MathDouble.c,1875 :: 		
0x0121	0x01F2      	CLRF       R2
;__Lib_MathDouble.c,1876 :: 		
0x0122	0x01F3      	CLRF       R3
;__Lib_MathDouble.c,1879 :: 		
0x0123	0x01FB      	CLRF       R11
;__Lib_MathDouble.c,1880 :: 		
0x0124	0x01FC      	CLRF       R12
;__Lib_MathDouble.c,1882 :: 		
0x0125	0x3096      	MOVLW      150
;__Lib_MathDouble.c,1883 :: 		
0x0126	0x00F3      	MOVWF      R3
;__Lib_MathDouble.c,1884 :: 		
0x0127	0x01FA      	CLRF       R10
;__Lib_MathDouble.c,1886 :: 		
0x0128	0x0870      	MOVF       R0, 0
;__Lib_MathDouble.c,1887 :: 		
0x0129	0x00F1      	MOVWF      R1
;__Lib_MathDouble.c,1888 :: 		
0x012A	0x0878      	MOVF       R8, 0
;__Lib_MathDouble.c,1889 :: 		
0x012B	0x00F0      	MOVWF      R0
;__Lib_MathDouble.c,1890 :: 		
0x012C	0x01F8      	CLRF       R8
;__Lib_MathDouble.c,1891 :: 		
0x012D	0x01F2      	CLRF       R2
;__Lib_MathDouble.c,1893 :: 		
0x012E	0x20CF      	CALL       _NRM3232
;__Lib_MathDouble.c,1894 :: 		
L_end_word2double:
0x012F	0x0008      	RETURN
; end of _word2double
_myDelay:
;MyProject.c,167 :: 		void myDelay(unsigned int x) {
;MyProject.c,168 :: 		Mcntr = 0;
0x0130	0x1283      	BCF        STATUS, 5
0x0131	0x1303      	BCF        STATUS, 6
0x0132	0x01C2      	CLRF       _Mcntr
0x0133	0x01C3      	CLRF       _Mcntr+1
;MyProject.c,169 :: 		while (Mcntr < x);
L_myDelay27:
0x0134	0x0850      	MOVF       FARG_myDelay_x+1, 0
0x0135	0x0243      	SUBWF      _Mcntr+1, 0
0x0136	0x1D03      	BTFSS      STATUS, 2
0x0137	0x293A      	GOTO       L__myDelay59
0x0138	0x084F      	MOVF       FARG_myDelay_x, 0
0x0139	0x0242      	SUBWF      _Mcntr, 0
L__myDelay59:
0x013A	0x1803      	BTFSC      STATUS, 0
0x013B	0x293D      	GOTO       L_myDelay28
0x013C	0x2934      	GOTO       L_myDelay27
L_myDelay28:
;MyProject.c,170 :: 		}
L_end_myDelay:
0x013D	0x0008      	RETURN
; end of _myDelay
_Mul_16X16_U:
;__Lib_Math.c,136 :: 		
;__Lib_Math.c,143 :: 		
0x013E	0x1283      	BCF        STATUS, 5
;__Lib_Math.c,144 :: 		
0x013F	0x1303      	BCF        STATUS, 6
;__Lib_Math.c,145 :: 		
0x0140	0x01FB      	CLRF       R11
;__Lib_Math.c,146 :: 		
0x0141	0x01FA      	CLRF       R10
;__Lib_Math.c,147 :: 		
0x0142	0x01F9      	CLRF       R9
;__Lib_Math.c,148 :: 		
0x0143	0x3080      	MOVLW      128
;__Lib_Math.c,149 :: 		
0x0144	0x00F8      	MOVWF      R8
;__Lib_Math.c,150 :: 		
0x0145	0x0CF1      	RRF        R1, 1
;__Lib_Math.c,151 :: 		
0x0146	0x0CF0      	RRF        R0, 1
;__Lib_Math.c,152 :: 		
0x0147	0x1C03      	BTFSS      STATUS, 0
;__Lib_Math.c,153 :: 		
0x0148	0x2952      	GOTO       $+10
;__Lib_Math.c,154 :: 		
0x0149	0x0874      	MOVF       R4, 0
;__Lib_Math.c,155 :: 		
0x014A	0x07F9      	ADDWF      R9, 1
;__Lib_Math.c,156 :: 		
0x014B	0x0875      	MOVF       R5, 0
;__Lib_Math.c,157 :: 		
0x014C	0x1803      	BTFSC      STATUS, 0
;__Lib_Math.c,158 :: 		
0x014D	0x0F75      	INCFSZ     R5, 0
;__Lib_Math.c,159 :: 		
0x014E	0x07FA      	ADDWF      R10, 1
;__Lib_Math.c,160 :: 		
0x014F	0x1803      	BTFSC      STATUS, 0
;__Lib_Math.c,161 :: 		
0x0150	0x0AFB      	INCF       R11, 1
;__Lib_Math.c,162 :: 		
0x0151	0x1003      	BCF        STATUS, 0
;__Lib_Math.c,163 :: 		
0x0152	0x1FF0      	BTFSS      R0, 7
;__Lib_Math.c,164 :: 		
0x0153	0x295A      	GOTO       $+7
;__Lib_Math.c,165 :: 		
0x0154	0x0874      	MOVF       R4, 0
;__Lib_Math.c,166 :: 		
0x0155	0x07FA      	ADDWF      R10, 1
;__Lib_Math.c,167 :: 		
0x0156	0x0875      	MOVF       R5, 0
;__Lib_Math.c,168 :: 		
0x0157	0x1803      	BTFSC      STATUS, 0
;__Lib_Math.c,169 :: 		
0x0158	0x0F75      	INCFSZ     R5, 0
;__Lib_Math.c,170 :: 		
0x0159	0x07FB      	ADDWF      R11, 1
;__Lib_Math.c,171 :: 		
0x015A	0x0CFB      	RRF        R11, 1
;__Lib_Math.c,172 :: 		
0x015B	0x0CFA      	RRF        R10, 1
;__Lib_Math.c,173 :: 		
0x015C	0x0CF9      	RRF        R9, 1
;__Lib_Math.c,174 :: 		
0x015D	0x0CF8      	RRF        R8, 1
;__Lib_Math.c,175 :: 		
0x015E	0x1C03      	BTFSS      STATUS, 0
;__Lib_Math.c,176 :: 		
0x015F	0x2945      	GOTO       $-26
;__Lib_Math.c,177 :: 		
0x0160	0x087B      	MOVF       R11, 0
;__Lib_Math.c,178 :: 		
0x0161	0x00F3      	MOVWF      R3
;__Lib_Math.c,179 :: 		
0x0162	0x087A      	MOVF       R10, 0
;__Lib_Math.c,180 :: 		
0x0163	0x00F2      	MOVWF      R2
;__Lib_Math.c,181 :: 		
0x0164	0x0879      	MOVF       R9, 0
;__Lib_Math.c,182 :: 		
0x0165	0x00F1      	MOVWF      R1
;__Lib_Math.c,183 :: 		
0x0166	0x0878      	MOVF       R8, 0
;__Lib_Math.c,184 :: 		
0x0167	0x00F0      	MOVWF      R0
;__Lib_Math.c,187 :: 		
L_end_Mul_16X16_U:
0x0168	0x0008      	RETURN
; end of _Mul_16X16_U
_Mul_32x32_FP:
;__Lib_MathDouble.c,610 :: 		
;__Lib_MathDouble.c,622 :: 		
;__Lib_MathDouble.c,624 :: 		
0x0169	0x1283      	BCF        STATUS, 5
;__Lib_MathDouble.c,625 :: 		
0x016A	0x1303      	BCF        STATUS, 6
;__Lib_MathDouble.c,627 :: 		
0x016B	0x01FB      	CLRF       R11
;__Lib_MathDouble.c,628 :: 		
0x016C	0x0873      	MOVF       R3, 0
;__Lib_MathDouble.c,629 :: 		
0x016D	0x1D03      	BTFSS      STATUS, 2
;__Lib_MathDouble.c,630 :: 		
0x016E	0x0877      	MOVF       R7, 0
;__Lib_MathDouble.c,631 :: 		
0x016F	0x1903      	BTFSC      STATUS, 2
;__Lib_MathDouble.c,632 :: 		
0x0170	0x29C0      	GOTO       JPMRES032
;__Lib_MathDouble.c,634 :: 		
0x0171	0x0872      	MOVF       R2, 0
;__Lib_MathDouble.c,635 :: 		
0x0172	0x0676      	XORWF      R6, 0
;__Lib_MathDouble.c,636 :: 		
0x0173	0x00FA      	MOVWF      R10
;__Lib_MathDouble.c,637 :: 		
0x0174	0x0877      	MOVF       R7, 0
;__Lib_MathDouble.c,638 :: 		
0x0175	0x07F3      	ADDWF      R3, 1
;__Lib_MathDouble.c,639 :: 		
0x0176	0x307E      	MOVLW      126
;__Lib_MathDouble.c,640 :: 		
0x0177	0x1C03      	BTFSS      STATUS, 0
;__Lib_MathDouble.c,641 :: 		
0x0178	0x297D      	GOTO       MTUN32
;__Lib_MathDouble.c,642 :: 		
0x0179	0x02F3      	SUBWF      R3, 1
;__Lib_MathDouble.c,643 :: 		
0x017A	0x1803      	BTFSC      STATUS, 0
;__Lib_MathDouble.c,644 :: 		
0x017B	0x29C3      	GOTO       JPMSETFOV32
;__Lib_MathDouble.c,645 :: 		
0x017C	0x2980      	GOTO       MOK32
;__Lib_MathDouble.c,646 :: 		
MTUN32:
;__Lib_MathDouble.c,647 :: 		
0x017D	0x02F3      	SUBWF      R3, 1
;__Lib_MathDouble.c,648 :: 		
0x017E	0x1C03      	BTFSS      STATUS, 0
;__Lib_MathDouble.c,649 :: 		
0x017F	0x29C6      	GOTO       JPMSETFUN32
;__Lib_MathDouble.c,650 :: 		
MOK32:
;__Lib_MathDouble.c,651 :: 		
0x0180	0x0872      	MOVF       R2, 0
;__Lib_MathDouble.c,652 :: 		
0x0181	0x00F8      	MOVWF      R8
;__Lib_MathDouble.c,653 :: 		
0x0182	0x0871      	MOVF       R1, 0
;__Lib_MathDouble.c,654 :: 		
0x0183	0x00FC      	MOVWF      R12
;__Lib_MathDouble.c,655 :: 		
0x0184	0x0870      	MOVF       R0, 0
;__Lib_MathDouble.c,656 :: 		
0x0185	0x00FD      	MOVWF      R13
;__Lib_MathDouble.c,657 :: 		
0x0186	0x17F8      	BSF        R8, 7
;__Lib_MathDouble.c,658 :: 		
0x0187	0x17F6      	BSF        R6, 7
;__Lib_MathDouble.c,659 :: 		
0x0188	0x1003      	BCF        STATUS, 0
;__Lib_MathDouble.c,660 :: 		
0x0189	0x01F2      	CLRF       R2
;__Lib_MathDouble.c,661 :: 		
0x018A	0x01F1      	CLRF       R1
;__Lib_MathDouble.c,662 :: 		
0x018B	0x01F0      	CLRF       R0
;__Lib_MathDouble.c,663 :: 		
0x018C	0x3018      	MOVLW      24
;__Lib_MathDouble.c,664 :: 		
0x018D	0x00A0      	MOVWF      __math_tempbD
;__Lib_MathDouble.c,665 :: 		
MLOOP32:
;__Lib_MathDouble.c,666 :: 		
0x018E	0x1C7D      	BTFSS      R13, 0
;__Lib_MathDouble.c,667 :: 		
0x018F	0x299A      	GOTO       MNOADD32
;__Lib_MathDouble.c,669 :: 		
0x0190	0x0874      	MOVF       R4, 0
;__Lib_MathDouble.c,670 :: 		
0x0191	0x07F0      	ADDWF      R0, 1
;__Lib_MathDouble.c,671 :: 		
0x0192	0x0875      	MOVF       R5, 0
;__Lib_MathDouble.c,672 :: 		
0x0193	0x1803      	BTFSC      STATUS, 0
;__Lib_MathDouble.c,673 :: 		
0x0194	0x0F75      	INCFSZ     R5, 0
;__Lib_MathDouble.c,674 :: 		
0x0195	0x07F1      	ADDWF      R1, 1
;__Lib_MathDouble.c,675 :: 		
0x0196	0x0876      	MOVF       R6, 0
;__Lib_MathDouble.c,676 :: 		
0x0197	0x1803      	BTFSC      STATUS, 0
;__Lib_MathDouble.c,677 :: 		
0x0198	0x0F76      	INCFSZ     R6, 0
;__Lib_MathDouble.c,678 :: 		
0x0199	0x07F2      	ADDWF      R2, 1
;__Lib_MathDouble.c,679 :: 		
MNOADD32:
;__Lib_MathDouble.c,680 :: 		
0x019A	0x0CF2      	RRF        R2, 1
;__Lib_MathDouble.c,681 :: 		
0x019B	0x0CF1      	RRF        R1, 1
;__Lib_MathDouble.c,682 :: 		
0x019C	0x0CF0      	RRF        R0, 1
;__Lib_MathDouble.c,683 :: 		
0x019D	0x0CF8      	RRF        R8, 1
;__Lib_MathDouble.c,684 :: 		
0x019E	0x0CFC      	RRF        R12, 1
;__Lib_MathDouble.c,685 :: 		
0x019F	0x0CFD      	RRF        R13, 1
;__Lib_MathDouble.c,686 :: 		
0x01A0	0x1003      	BCF        STATUS, 0
;__Lib_MathDouble.c,687 :: 		
0x01A1	0x0BA0      	DECFSZ     __math_tempbD, 1
;__Lib_MathDouble.c,688 :: 		
0x01A2	0x298E      	GOTO       MLOOP32
;__Lib_MathDouble.c,689 :: 		
0x01A3	0x1BF2      	BTFSC      R2, 7
;__Lib_MathDouble.c,690 :: 		
0x01A4	0x29AA      	GOTO       MROUND32
;__Lib_MathDouble.c,691 :: 		
0x01A5	0x0DF8      	RLF        R8, 1
;__Lib_MathDouble.c,692 :: 		
0x01A6	0x0DF0      	RLF        R0, 1
;__Lib_MathDouble.c,693 :: 		
0x01A7	0x0DF1      	RLF        R1, 1
;__Lib_MathDouble.c,694 :: 		
0x01A8	0x0DF2      	RLF        R2, 1
;__Lib_MathDouble.c,695 :: 		
0x01A9	0x03F3      	DECF       R3, 1
;__Lib_MathDouble.c,696 :: 		
MROUND32:
;__Lib_MathDouble.c,697 :: 		
0x01AA	0x1B7B      	BTFSC      R11, 6
;__Lib_MathDouble.c,698 :: 		
0x01AB	0x1C70      	BTFSS      R0, 0
;__Lib_MathDouble.c,699 :: 		
0x01AC	0x29BC      	GOTO       MUL32OK
;__Lib_MathDouble.c,700 :: 		
0x01AD	0x1FF8      	BTFSS      R8, 7
;__Lib_MathDouble.c,701 :: 		
0x01AE	0x29BC      	GOTO       MUL32OK
;__Lib_MathDouble.c,702 :: 		
0x01AF	0x0AF0      	INCF       R0, 1
;__Lib_MathDouble.c,703 :: 		
0x01B0	0x1903      	BTFSC      STATUS, 2
;__Lib_MathDouble.c,704 :: 		
0x01B1	0x0AF1      	INCF       R1, 1
;__Lib_MathDouble.c,705 :: 		
0x01B2	0x1903      	BTFSC      STATUS, 2
;__Lib_MathDouble.c,706 :: 		
0x01B3	0x0AF2      	INCF       R2, 1
;__Lib_MathDouble.c,707 :: 		
0x01B4	0x1D03      	BTFSS      STATUS, 2
;__Lib_MathDouble.c,708 :: 		
0x01B5	0x29BC      	GOTO       MUL32OK
;__Lib_MathDouble.c,709 :: 		
0x01B6	0x0CF2      	RRF        R2, 1
;__Lib_MathDouble.c,710 :: 		
0x01B7	0x0CF1      	RRF        R1, 1
;__Lib_MathDouble.c,711 :: 		
0x01B8	0x0CF0      	RRF        R0, 1
;__Lib_MathDouble.c,712 :: 		
0x01B9	0x0AF3      	INCF       R3, 1
;__Lib_MathDouble.c,713 :: 		
0x01BA	0x1903      	BTFSC      STATUS, 2
;__Lib_MathDouble.c,714 :: 		
0x01BB	0x29C3      	GOTO       JPMSETFOV32
;__Lib_MathDouble.c,715 :: 		
MUL32OK:
;__Lib_MathDouble.c,716 :: 		
0x01BC	0x1FFA      	BTFSS      R10, 7
;__Lib_MathDouble.c,717 :: 		
0x01BD	0x13F2      	BCF        R2, 7
;__Lib_MathDouble.c,718 :: 		
0x01BE	0x3000      	MOVLW      0
;__Lib_MathDouble.c,720 :: 		
0x01BF	0x29C8      	GOTO       MUL32EEE
;__Lib_MathDouble.c,721 :: 		
JPMRES032:
;__Lib_MathDouble.c,722 :: 		
0x01C0	0x3001      	MOVLW      1
;__Lib_MathDouble.c,725 :: 		
0x01C1	0x20B8      	CALL       _RES032
;__Lib_MathDouble.c,727 :: 		
0x01C2	0x29C8      	GOTO       MUL32EEE
;__Lib_MathDouble.c,728 :: 		
JPMSETFOV32:
;__Lib_MathDouble.c,729 :: 		
0x01C3	0x3002      	MOVLW      2
;__Lib_MathDouble.c,732 :: 		
0x01C4	0x20FE      	CALL       _SETFOV32
;__Lib_MathDouble.c,734 :: 		
0x01C5	0x29C8      	GOTO       MUL32EEE
;__Lib_MathDouble.c,735 :: 		
JPMSETFUN32:
;__Lib_MathDouble.c,736 :: 		
0x01C6	0x3004      	MOVLW      4
;__Lib_MathDouble.c,739 :: 		
0x01C7	0x20BF      	CALL       _SETFUN32
;__Lib_MathDouble.c,741 :: 		
MUL32EEE:
;__Lib_MathDouble.c,742 :: 		
0x01C8	0x0000      	NOP
;__Lib_MathDouble.c,749 :: 		
L_end_Mul_32x32_FP:
0x01C9	0x0008      	RETURN
; end of _Mul_32x32_FP
_Div_32x32_FP:
;__Lib_MathDouble.c,761 :: 		
;__Lib_MathDouble.c,773 :: 		
;__Lib_MathDouble.c,776 :: 		
0x01CA	0x1283      	BCF        STATUS, 5
0x01CB	0x1303      	BCF        STATUS, 6
0x01CC	0x0874      	MOVF       R4, 0
0x01CD	0x3A00      	XORLW      0
0x01CE	0x1D03      	BTFSS      STATUS, 2
0x01CF	0x29E5      	GOTO       L_Div_32x32_FP7
;__Lib_MathDouble.c,777 :: 		
0x01D0	0x0875      	MOVF       R5, 0
0x01D1	0x3A00      	XORLW      0
0x01D2	0x1D03      	BTFSS      STATUS, 2
0x01D3	0x29E5      	GOTO       L_Div_32x32_FP8
;__Lib_MathDouble.c,778 :: 		
0x01D4	0x0876      	MOVF       R6, 0
0x01D5	0x3A00      	XORLW      0
0x01D6	0x1D03      	BTFSS      STATUS, 2
0x01D7	0x29E5      	GOTO       L_Div_32x32_FP9
;__Lib_MathDouble.c,779 :: 		
0x01D8	0x0877      	MOVF       R7, 0
0x01D9	0x3A00      	XORLW      0
0x01DA	0x1D03      	BTFSS      STATUS, 2
0x01DB	0x29E5      	GOTO       L_Div_32x32_FP10
;__Lib_MathDouble.c,780 :: 		
0x01DC	0x30FF      	MOVLW      255
0x01DD	0x00F0      	MOVWF      R0
;__Lib_MathDouble.c,781 :: 		
0x01DE	0x30FF      	MOVLW      255
0x01DF	0x00F1      	MOVWF      R1
;__Lib_MathDouble.c,782 :: 		
0x01E0	0x307F      	MOVLW      127
0x01E1	0x00F2      	MOVWF      R2
;__Lib_MathDouble.c,783 :: 		
0x01E2	0x30FF      	MOVLW      255
0x01E3	0x00F3      	MOVWF      R3
;__Lib_MathDouble.c,784 :: 		
0x01E4	0x2A80      	GOTO       L_end_Div_32x32_FP
;__Lib_MathDouble.c,785 :: 		
L_Div_32x32_FP10:
L_Div_32x32_FP9:
L_Div_32x32_FP8:
L_Div_32x32_FP7:
;__Lib_MathDouble.c,788 :: 		
0x01E5	0x1283      	BCF        STATUS, 5
;__Lib_MathDouble.c,789 :: 		
0x01E6	0x1303      	BCF        STATUS, 6
;__Lib_MathDouble.c,791 :: 		
0x01E7	0x0877      	MOVF       R7, 0
;__Lib_MathDouble.c,792 :: 		
0x01E8	0x1903      	BTFSC      STATUS, 2
;__Lib_MathDouble.c,793 :: 		
0x01E9	0x2A74      	GOTO       JPDSETFDZ32
;__Lib_MathDouble.c,795 :: 		
0x01EA	0x0873      	MOVF       R3, 0
;__Lib_MathDouble.c,796 :: 		
0x01EB	0x1903      	BTFSC      STATUS, 2
;__Lib_MathDouble.c,797 :: 		
0x01EC	0x2A77      	GOTO       JPDRES032
;__Lib_MathDouble.c,799 :: 		
0x01ED	0x0872      	MOVF       R2, 0
;__Lib_MathDouble.c,800 :: 		
0x01EE	0x0676      	XORWF      R6, 0
;__Lib_MathDouble.c,801 :: 		
0x01EF	0x3980      	ANDLW      128
;__Lib_MathDouble.c,802 :: 		
0x01F0	0x00FA      	MOVWF      R10
;__Lib_MathDouble.c,803 :: 		
0x01F1	0x17F2      	BSF        R2, 7
;__Lib_MathDouble.c,804 :: 		
0x01F2	0x17F6      	BSF        R6, 7
;__Lib_MathDouble.c,806 :: 		
0x01F3	0x01A0      	CLRF       __math_tempbD
;__Lib_MathDouble.c,807 :: 		
0x01F4	0x0872      	MOVF       R2, 0
;__Lib_MathDouble.c,808 :: 		
0x01F5	0x00F8      	MOVWF      R8
;__Lib_MathDouble.c,809 :: 		
0x01F6	0x0871      	MOVF       R1, 0
;__Lib_MathDouble.c,810 :: 		
0x01F7	0x00FC      	MOVWF      R12
;__Lib_MathDouble.c,811 :: 		
0x01F8	0x0870      	MOVF       R0, 0
;__Lib_MathDouble.c,812 :: 		
0x01F9	0x00FD      	MOVWF      R13
;__Lib_MathDouble.c,814 :: 		
0x01FA	0x0874      	MOVF       R4, 0
;__Lib_MathDouble.c,815 :: 		
0x01FB	0x02FD      	SUBWF      R13, 1
;__Lib_MathDouble.c,816 :: 		
0x01FC	0x0875      	MOVF       R5, 0
;__Lib_MathDouble.c,817 :: 		
0x01FD	0x1C03      	BTFSS      STATUS, 0
;__Lib_MathDouble.c,818 :: 		
0x01FE	0x0F75      	INCFSZ     R5, 0
;__Lib_MathDouble.c,820 :: 		
0x01FF	0x02FC      	SUBWF      R12, 1
;__Lib_MathDouble.c,821 :: 		
0x0200	0x0876      	MOVF       R6, 0
;__Lib_MathDouble.c,822 :: 		
0x0201	0x1C03      	BTFSS      STATUS, 0
;__Lib_MathDouble.c,823 :: 		
0x0202	0x0F76      	INCFSZ     R6, 0
;__Lib_MathDouble.c,825 :: 		
0x0203	0x02F8      	SUBWF      R8, 1
;__Lib_MathDouble.c,826 :: 		
0x0204	0x01F8      	CLRF       R8
;__Lib_MathDouble.c,827 :: 		
0x0205	0x01FC      	CLRF       R12
;__Lib_MathDouble.c,828 :: 		
0x0206	0x01FD      	CLRF       R13
;__Lib_MathDouble.c,829 :: 		
0x0207	0x1C03      	BTFSS      STATUS, 0
;__Lib_MathDouble.c,830 :: 		
0x0208	0x2A10      	GOTO       DALIGN32OK
;__Lib_MathDouble.c,832 :: 		
0x0209	0x1003      	BCF        STATUS, 0
;__Lib_MathDouble.c,833 :: 		
0x020A	0x0CF2      	RRF        R2, 1
;__Lib_MathDouble.c,834 :: 		
0x020B	0x0CF1      	RRF        R1, 1
;__Lib_MathDouble.c,835 :: 		
0x020C	0x0CF0      	RRF        R0, 1
;__Lib_MathDouble.c,836 :: 		
0x020D	0x0CF8      	RRF        R8, 1
;__Lib_MathDouble.c,837 :: 		
0x020E	0x3001      	MOVLW      1
;__Lib_MathDouble.c,838 :: 		
0x020F	0x00A0      	MOVWF      __math_tempbD
;__Lib_MathDouble.c,839 :: 		
DALIGN32OK:
;__Lib_MathDouble.c,840 :: 		
0x0210	0x0877      	MOVF       R7, 0
;__Lib_MathDouble.c,841 :: 		
0x0211	0x02F3      	SUBWF      R3, 1
;__Lib_MathDouble.c,842 :: 		
0x0212	0x1C03      	BTFSS      STATUS, 0
;__Lib_MathDouble.c,843 :: 		
0x0213	0x2A1A      	GOTO       ALTB32
;__Lib_MathDouble.c,845 :: 		
0x0214	0x307E      	MOVLW      126
;__Lib_MathDouble.c,846 :: 		
0x0215	0x0720      	ADDWF      __math_tempbD, 0
;__Lib_MathDouble.c,847 :: 		
0x0216	0x07F3      	ADDWF      R3, 1
;__Lib_MathDouble.c,848 :: 		
0x0217	0x1803      	BTFSC      STATUS, 0
;__Lib_MathDouble.c,849 :: 		
0x0218	0x2A7A      	GOTO       JPDSETFOV32
;__Lib_MathDouble.c,850 :: 		
0x0219	0x2A1F      	GOTO       DARGOK32
;__Lib_MathDouble.c,851 :: 		
ALTB32:
;__Lib_MathDouble.c,852 :: 		
0x021A	0x307E      	MOVLW      126
;__Lib_MathDouble.c,853 :: 		
0x021B	0x0720      	ADDWF      __math_tempbD, 0
;__Lib_MathDouble.c,854 :: 		
0x021C	0x07F3      	ADDWF      R3, 1
;__Lib_MathDouble.c,855 :: 		
0x021D	0x1C03      	BTFSS      STATUS, 0
;__Lib_MathDouble.c,856 :: 		
0x021E	0x2A7D      	GOTO       JPDSETFUN32
;__Lib_MathDouble.c,857 :: 		
DARGOK32:
;__Lib_MathDouble.c,858 :: 		
0x021F	0x3018      	MOVLW      24
;__Lib_MathDouble.c,860 :: 		
0x0220	0x07FA      	ADDWF      R10, 1
;__Lib_MathDouble.c,861 :: 		
DLOOP32:
;__Lib_MathDouble.c,862 :: 		
0x0221	0x0DFD      	RLF        R13, 1
;__Lib_MathDouble.c,863 :: 		
0x0222	0x0DFC      	RLF        R12, 1
;__Lib_MathDouble.c,864 :: 		
0x0223	0x0DF8      	RLF        R8, 1
;__Lib_MathDouble.c,865 :: 		
0x0224	0x0DF0      	RLF        R0, 1
;__Lib_MathDouble.c,866 :: 		
0x0225	0x0DF1      	RLF        R1, 1
;__Lib_MathDouble.c,867 :: 		
0x0226	0x0DF2      	RLF        R2, 1
;__Lib_MathDouble.c,868 :: 		
0x0227	0x0DA0      	RLF        __math_tempbD, 1
;__Lib_MathDouble.c,870 :: 		
0x0228	0x0874      	MOVF       R4, 0
;__Lib_MathDouble.c,871 :: 		
0x0229	0x02F0      	SUBWF      R0, 1
;__Lib_MathDouble.c,872 :: 		
0x022A	0x0875      	MOVF       R5, 0
;__Lib_MathDouble.c,873 :: 		
0x022B	0x1C03      	BTFSS      STATUS, 0
;__Lib_MathDouble.c,874 :: 		
0x022C	0x0F75      	INCFSZ     R5, 0
;__Lib_MathDouble.c,876 :: 		
0x022D	0x02F1      	SUBWF      R1, 1
;__Lib_MathDouble.c,877 :: 		
0x022E	0x0876      	MOVF       R6, 0
;__Lib_MathDouble.c,878 :: 		
0x022F	0x1C03      	BTFSS      STATUS, 0
;__Lib_MathDouble.c,879 :: 		
0x0230	0x0F76      	INCFSZ     R6, 0
;__Lib_MathDouble.c,881 :: 		
0x0231	0x02F2      	SUBWF      R2, 1
;__Lib_MathDouble.c,882 :: 		
0x0232	0x0D76      	RLF        R6, 0
;__Lib_MathDouble.c,883 :: 		
0x0233	0x04A0      	IORWF      __math_tempbD, 1
;__Lib_MathDouble.c,884 :: 		
0x0234	0x1C20      	BTFSS      __math_tempbD, 0
;__Lib_MathDouble.c,885 :: 		
0x0235	0x2A38      	GOTO       DREST32
;__Lib_MathDouble.c,886 :: 		
0x0236	0x147D      	BSF        R13, 0
;__Lib_MathDouble.c,887 :: 		
0x0237	0x2A43      	GOTO       DOK32
;__Lib_MathDouble.c,888 :: 		
DREST32:
;__Lib_MathDouble.c,889 :: 		
0x0238	0x0874      	MOVF       R4, 0
;__Lib_MathDouble.c,890 :: 		
0x0239	0x07F0      	ADDWF      R0, 1
;__Lib_MathDouble.c,891 :: 		
0x023A	0x0875      	MOVF       R5, 0
;__Lib_MathDouble.c,892 :: 		
0x023B	0x1803      	BTFSC      STATUS, 0
;__Lib_MathDouble.c,893 :: 		
0x023C	0x0F75      	INCFSZ     R5, 0
;__Lib_MathDouble.c,895 :: 		
0x023D	0x07F1      	ADDWF      R1, 1
;__Lib_MathDouble.c,896 :: 		
0x023E	0x0876      	MOVF       R6, 0
;__Lib_MathDouble.c,897 :: 		
0x023F	0x1803      	BTFSC      STATUS, 0
;__Lib_MathDouble.c,898 :: 		
0x0240	0x0A76      	INCF       R6, 0
;__Lib_MathDouble.c,899 :: 		
0x0241	0x07F2      	ADDWF      R2, 1
;__Lib_MathDouble.c,900 :: 		
0x0242	0x107D      	BCF        R13, 0
;__Lib_MathDouble.c,901 :: 		
DOK32:
;__Lib_MathDouble.c,903 :: 		
0x0243	0x03FA      	DECF       R10, 1
;__Lib_MathDouble.c,904 :: 		
0x0244	0x301F      	MOVLW      31
;__Lib_MathDouble.c,905 :: 		
0x0245	0x057A      	ANDWF      R10, 0
;__Lib_MathDouble.c,906 :: 		
0x0246	0x1D03      	BTFSS      STATUS, 2
;__Lib_MathDouble.c,907 :: 		
0x0247	0x2A21      	GOTO       DLOOP32
;__Lib_MathDouble.c,909 :: 		
0x0248	0x1B7B      	BTFSC      R11, 6
;__Lib_MathDouble.c,910 :: 		
0x0249	0x1C7D      	BTFSS      R13, 0
;__Lib_MathDouble.c,911 :: 		
0x024A	0x2A6A      	GOTO       DIV32OK
;__Lib_MathDouble.c,912 :: 		
0x024B	0x1003      	BCF        STATUS, 0
;__Lib_MathDouble.c,913 :: 		
0x024C	0x0DF0      	RLF        R0, 1
;__Lib_MathDouble.c,914 :: 		
0x024D	0x0DF1      	RLF        R1, 1
;__Lib_MathDouble.c,915 :: 		
0x024E	0x0DF2      	RLF        R2, 1
;__Lib_MathDouble.c,916 :: 		
0x024F	0x0DA0      	RLF        __math_tempbD, 1
;__Lib_MathDouble.c,918 :: 		
0x0250	0x0874      	MOVF       R4, 0
;__Lib_MathDouble.c,919 :: 		
0x0251	0x02F0      	SUBWF      R0, 1
;__Lib_MathDouble.c,920 :: 		
0x0252	0x0875      	MOVF       R5, 0
;__Lib_MathDouble.c,921 :: 		
0x0253	0x1C03      	BTFSS      STATUS, 0
;__Lib_MathDouble.c,922 :: 		
0x0254	0x0F75      	INCFSZ     R5, 0
;__Lib_MathDouble.c,923 :: 		
0x0255	0x02F1      	SUBWF      R1, 1
;__Lib_MathDouble.c,924 :: 		
0x0256	0x0876      	MOVF       R6, 0
;__Lib_MathDouble.c,925 :: 		
0x0257	0x1C03      	BTFSS      STATUS, 0
;__Lib_MathDouble.c,926 :: 		
0x0258	0x0F76      	INCFSZ     R6, 0
;__Lib_MathDouble.c,927 :: 		
0x0259	0x02F2      	SUBWF      R2, 1
;__Lib_MathDouble.c,928 :: 		
0x025A	0x0D76      	RLF        R6, 0
;__Lib_MathDouble.c,929 :: 		
0x025B	0x0420      	IORWF      __math_tempbD, 0
;__Lib_MathDouble.c,930 :: 		
0x025C	0x3901      	ANDLW      1
;__Lib_MathDouble.c,931 :: 		
0x025D	0x07FD      	ADDWF      R13, 1
;__Lib_MathDouble.c,932 :: 		
0x025E	0x1803      	BTFSC      STATUS, 0
;__Lib_MathDouble.c,933 :: 		
0x025F	0x0AFC      	INCF       R12, 1
;__Lib_MathDouble.c,934 :: 		
0x0260	0x1903      	BTFSC      STATUS, 2
;__Lib_MathDouble.c,935 :: 		
0x0261	0x0AF8      	INCF       R8, 1
;__Lib_MathDouble.c,936 :: 		
0x0262	0x1D03      	BTFSS      STATUS, 2
;__Lib_MathDouble.c,937 :: 		
0x0263	0x2A6A      	GOTO       DIV32OK
;__Lib_MathDouble.c,938 :: 		
0x0264	0x0CF8      	RRF        R8, 1
;__Lib_MathDouble.c,939 :: 		
0x0265	0x0CFC      	RRF        R12, 1
;__Lib_MathDouble.c,940 :: 		
0x0266	0x0CFD      	RRF        R13, 1
;__Lib_MathDouble.c,941 :: 		
0x0267	0x0AF3      	INCF       R3, 1
;__Lib_MathDouble.c,942 :: 		
0x0268	0x1903      	BTFSC      STATUS, 2
;__Lib_MathDouble.c,943 :: 		
0x0269	0x2A7A      	GOTO       JPDSETFOV32
;__Lib_MathDouble.c,944 :: 		
DIV32OK:
;__Lib_MathDouble.c,945 :: 		
0x026A	0x1FFA      	BTFSS      R10, 7
;__Lib_MathDouble.c,946 :: 		
0x026B	0x13F8      	BCF        R8, 7
;__Lib_MathDouble.c,947 :: 		
0x026C	0x0878      	MOVF       R8, 0
;__Lib_MathDouble.c,948 :: 		
0x026D	0x00F2      	MOVWF      R2
;__Lib_MathDouble.c,949 :: 		
0x026E	0x087C      	MOVF       R12, 0
;__Lib_MathDouble.c,950 :: 		
0x026F	0x00F1      	MOVWF      R1
;__Lib_MathDouble.c,951 :: 		
0x0270	0x087D      	MOVF       R13, 0
;__Lib_MathDouble.c,952 :: 		
0x0271	0x00F0      	MOVWF      R0
;__Lib_MathDouble.c,954 :: 		
0x0272	0x3000      	MOVLW      0
;__Lib_MathDouble.c,956 :: 		
0x0273	0x2A7F      	GOTO       DIV32EEE
;__Lib_MathDouble.c,957 :: 		
JPDSETFDZ32:
;__Lib_MathDouble.c,958 :: 		
0x0274	0x3001      	MOVLW      1
;__Lib_MathDouble.c,961 :: 		
0x0275	0x2117      	CALL       _SETFDZ32
;__Lib_MathDouble.c,963 :: 		
0x0276	0x2A7F      	GOTO       DIV32EEE
;__Lib_MathDouble.c,964 :: 		
JPDRES032:
;__Lib_MathDouble.c,965 :: 		
0x0277	0x3002      	MOVLW      2
;__Lib_MathDouble.c,968 :: 		
0x0278	0x20B8      	CALL       _RES032
;__Lib_MathDouble.c,970 :: 		
0x0279	0x2A7F      	GOTO       DIV32EEE
;__Lib_MathDouble.c,971 :: 		
JPDSETFOV32:
;__Lib_MathDouble.c,972 :: 		
0x027A	0x3004      	MOVLW      4
;__Lib_MathDouble.c,975 :: 		
0x027B	0x20FE      	CALL       _SETFOV32
;__Lib_MathDouble.c,977 :: 		
0x027C	0x2A7F      	GOTO       DIV32EEE
;__Lib_MathDouble.c,978 :: 		
JPDSETFUN32:
;__Lib_MathDouble.c,979 :: 		
0x027D	0x3008      	MOVLW      8
;__Lib_MathDouble.c,982 :: 		
0x027E	0x20BF      	CALL       _SETFUN32
;__Lib_MathDouble.c,984 :: 		
DIV32EEE:
;__Lib_MathDouble.c,985 :: 		
0x027F	0x0000      	NOP
;__Lib_MathDouble.c,994 :: 		
L_end_Div_32x32_FP:
0x0280	0x0008      	RETURN
; end of _Div_32x32_FP
_double2word:
;__Lib_MathDouble.c,1529 :: 		
;__Lib_MathDouble.c,1536 :: 		
0x0281	0x1283      	BCF        STATUS, 5
;__Lib_MathDouble.c,1537 :: 		
0x0282	0x1303      	BCF        STATUS, 6
;__Lib_MathDouble.c,1539 :: 		
0x0283	0x01FB      	CLRF       R11
;__Lib_MathDouble.c,1540 :: 		
0x0284	0x01FC      	CLRF       R12
;__Lib_MathDouble.c,1541 :: 		
0x0285	0x01FA      	CLRF       R10
;__Lib_MathDouble.c,1543 :: 		
0x0286	0x0873      	MOVF       R3, 0
;__Lib_MathDouble.c,1544 :: 		
0x0287	0x1903      	BTFSC      STATUS, 2
;__Lib_MathDouble.c,1545 :: 		
0x0288	0x2AC0      	GOTO       IRES016U
;__Lib_MathDouble.c,1547 :: 		
0x0289	0x17F2      	BSF        R2, 7
;__Lib_MathDouble.c,1549 :: 		
0x028A	0x308E      	MOVLW      142
;__Lib_MathDouble.c,1550 :: 		
0x028B	0x02F3      	SUBWF      R3, 1
;__Lib_MathDouble.c,1551 :: 		
0x028C	0x1BF3      	BTFSC      R3, 7
;__Lib_MathDouble.c,1552 :: 		
0x028D	0x2A91      	GOTO       SETEXP16U
;__Lib_MathDouble.c,1553 :: 		
0x028E	0x1903      	BTFSC      STATUS, 2
;__Lib_MathDouble.c,1554 :: 		
0x028F	0x2A91      	GOTO       SETEXP16U
;__Lib_MathDouble.c,1555 :: 		
0x0290	0x2AC3      	GOTO       SETIOV16U
;__Lib_MathDouble.c,1556 :: 		
SETEXP16U:
;__Lib_MathDouble.c,1557 :: 		
0x0291	0x09F3      	COMF       R3, 1
;__Lib_MathDouble.c,1558 :: 		
0x0292	0x0AF3      	INCF       R3, 1
;__Lib_MathDouble.c,1560 :: 		
0x0293	0x3008      	MOVLW      8
;__Lib_MathDouble.c,1561 :: 		
0x0294	0x0273      	SUBWF      R3, 0
;__Lib_MathDouble.c,1562 :: 		
0x0295	0x1C03      	BTFSS      STATUS, 0
;__Lib_MathDouble.c,1563 :: 		
0x0296	0x2AA6      	GOTO       TSHIFT3216U
;__Lib_MathDouble.c,1564 :: 		
0x0297	0x00F3      	MOVWF      R3
;__Lib_MathDouble.c,1565 :: 		
0x0298	0x0DF1      	RLF        R1, 1
;__Lib_MathDouble.c,1566 :: 		
0x0299	0x0872      	MOVF       R2, 0
;__Lib_MathDouble.c,1567 :: 		
0x029A	0x00F1      	MOVWF      R1
;__Lib_MathDouble.c,1568 :: 		
0x029B	0x01F2      	CLRF       R2
;__Lib_MathDouble.c,1570 :: 		
0x029C	0x3008      	MOVLW      8
;__Lib_MathDouble.c,1571 :: 		
0x029D	0x0273      	SUBWF      R3, 0
;__Lib_MathDouble.c,1572 :: 		
0x029E	0x1C03      	BTFSS      STATUS, 0
;__Lib_MathDouble.c,1573 :: 		
0x029F	0x2AA6      	GOTO       TSHIFT3216U
;__Lib_MathDouble.c,1574 :: 		
0x02A0	0x0DF1      	RLF        R1, 1
;__Lib_MathDouble.c,1575 :: 		
0x02A1	0x01F1      	CLRF       R1
;__Lib_MathDouble.c,1577 :: 		
0x02A2	0x0873      	MOVF       R3, 0
;__Lib_MathDouble.c,1578 :: 		
0x02A3	0x1D03      	BTFSS      STATUS, 2
;__Lib_MathDouble.c,1579 :: 		
0x02A4	0x1003      	BCF        STATUS, 0
;__Lib_MathDouble.c,1580 :: 		
0x02A5	0x2AAE      	GOTO       SHIFT3216UOK
;__Lib_MathDouble.c,1581 :: 		
TSHIFT3216U:
;__Lib_MathDouble.c,1582 :: 		
0x02A6	0x0873      	MOVF       R3, 0
;__Lib_MathDouble.c,1583 :: 		
0x02A7	0x1903      	BTFSC      STATUS, 2
;__Lib_MathDouble.c,1584 :: 		
0x02A8	0x2AAE      	GOTO       SHIFT3216UOK
;__Lib_MathDouble.c,1585 :: 		
SHIFT3216U:
;__Lib_MathDouble.c,1586 :: 		
0x02A9	0x1003      	BCF        STATUS, 0
;__Lib_MathDouble.c,1587 :: 		
0x02AA	0x0CF2      	RRF        R2, 1
;__Lib_MathDouble.c,1588 :: 		
0x02AB	0x0CF1      	RRF        R1, 1
;__Lib_MathDouble.c,1589 :: 		
0x02AC	0x0BF3      	DECFSZ     R3, 1
;__Lib_MathDouble.c,1590 :: 		
0x02AD	0x2AA9      	GOTO       SHIFT3216U
;__Lib_MathDouble.c,1591 :: 		
SHIFT3216UOK:
;__Lib_MathDouble.c,1592 :: 		
0x02AE	0x1B7B      	BTFSC      R11, 6
;__Lib_MathDouble.c,1593 :: 		
0x02AF	0x1C71      	BTFSS      R1, 0
;__Lib_MathDouble.c,1594 :: 		
0x02B0	0x2AB8      	GOTO       INT3216UOK
;__Lib_MathDouble.c,1595 :: 		
0x02B1	0x1C03      	BTFSS      STATUS, 0
;__Lib_MathDouble.c,1596 :: 		
0x02B2	0x2AB8      	GOTO       INT3216UOK
;__Lib_MathDouble.c,1597 :: 		
0x02B3	0x0AF1      	INCF       R1, 1
;__Lib_MathDouble.c,1598 :: 		
0x02B4	0x1903      	BTFSC      STATUS, 2
;__Lib_MathDouble.c,1599 :: 		
0x02B5	0x0AF2      	INCF       R2, 1
;__Lib_MathDouble.c,1600 :: 		
0x02B6	0x1BF2      	BTFSC      R2, 7
;__Lib_MathDouble.c,1601 :: 		
0x02B7	0x2ACF      	GOTO       JPKSETIOV3224
;__Lib_MathDouble.c,1602 :: 		
INT3216UOK:
;__Lib_MathDouble.c,1603 :: 		
0x02B8	0x1FFA      	BTFSS      R10, 7
;__Lib_MathDouble.c,1604 :: 		
0x02B9	0x2AD2      	GOTO       INT3216UEOK
;__Lib_MathDouble.c,1606 :: 		
0x02BA	0x09F2      	COMF       R2, 1
;__Lib_MathDouble.c,1607 :: 		
0x02BB	0x09F1      	COMF       R1, 1
;__Lib_MathDouble.c,1608 :: 		
0x02BC	0x0AF1      	INCF       R1, 1
;__Lib_MathDouble.c,1609 :: 		
0x02BD	0x1903      	BTFSC      STATUS, 2
;__Lib_MathDouble.c,1610 :: 		
0x02BE	0x0AF2      	INCF       R2, 1
;__Lib_MathDouble.c,1611 :: 		
0x02BF	0x2AD2      	GOTO       INT3216UEOK
;__Lib_MathDouble.c,1613 :: 		
IRES016U:
;__Lib_MathDouble.c,1614 :: 		
0x02C0	0x01F2      	CLRF       R2
;__Lib_MathDouble.c,1615 :: 		
0x02C1	0x01F1      	CLRF       R1
;__Lib_MathDouble.c,1616 :: 		
0x02C2	0x2AD2      	GOTO       INT3216UEOK
;__Lib_MathDouble.c,1617 :: 		
SETIOV16U:
;__Lib_MathDouble.c,1618 :: 		
0x02C3	0x147B      	BSF        R11, 0
;__Lib_MathDouble.c,1619 :: 		
0x02C4	0x1FFB      	BTFSS      R11, 7
;__Lib_MathDouble.c,1620 :: 		
0x02C5	0x2AD5      	GOTO       INT3216UEER
;__Lib_MathDouble.c,1622 :: 		
0x02C6	0x01F2      	CLRF       R2
;__Lib_MathDouble.c,1623 :: 		
0x02C7	0x1FFA      	BTFSS      R10, 7
;__Lib_MathDouble.c,1624 :: 		
0x02C8	0x2AD5      	GOTO       INT3216UEER
;__Lib_MathDouble.c,1625 :: 		
0x02C9	0x30FF      	MOVLW      255
;__Lib_MathDouble.c,1626 :: 		
0x02CA	0x00F2      	MOVWF      R2
;__Lib_MathDouble.c,1627 :: 		
0x02CB	0x00F1      	MOVWF      R1
;__Lib_MathDouble.c,1628 :: 		
0x02CC	0x0DFA      	RLF        R10, 1
;__Lib_MathDouble.c,1629 :: 		
0x02CD	0x0CF2      	RRF        R2, 1
;__Lib_MathDouble.c,1630 :: 		
0x02CE	0x2AD5      	GOTO       INT3216UEER
;__Lib_MathDouble.c,1632 :: 		
JPKSETIOV3224:
;__Lib_MathDouble.c,1633 :: 		
0x02CF	0x3001      	MOVLW      1
;__Lib_MathDouble.c,1634 :: 		
0x02D0	0x00FC      	MOVWF      R12
;__Lib_MathDouble.c,1635 :: 		
0x02D1	0x2AD7      	GOTO       INT3216UEEE
;__Lib_MathDouble.c,1636 :: 		
INT3216UEOK:
;__Lib_MathDouble.c,1637 :: 		
0x02D2	0x3000      	MOVLW      0
;__Lib_MathDouble.c,1638 :: 		
0x02D3	0x00FC      	MOVWF      R12
;__Lib_MathDouble.c,1639 :: 		
0x02D4	0x2AD7      	GOTO       INT3216UEEE
;__Lib_MathDouble.c,1640 :: 		
INT3216UEER:
;__Lib_MathDouble.c,1641 :: 		
0x02D5	0x30FF      	MOVLW      255
;__Lib_MathDouble.c,1642 :: 		
0x02D6	0x00FC      	MOVWF      R12
;__Lib_MathDouble.c,1643 :: 		
INT3216UEEE:
;__Lib_MathDouble.c,1646 :: 		
0x02D7	0x08FC      	MOVF       R12, 1
;__Lib_MathDouble.c,1648 :: 		
0x02D8	0x1903      	BTFSC      STATUS, 2
;__Lib_MathDouble.c,1649 :: 		
0x02D9	0x2ADB      	GOTO       L_Double2Word_0
;__Lib_MathDouble.c,1651 :: 		
0x02DA	0x210A      	CALL       _SETIOV3224
;__Lib_MathDouble.c,1653 :: 		
L_Double2Word_0:
;__Lib_MathDouble.c,1654 :: 		
0x02DB	0x0871      	MOVF       R1, 0
;__Lib_MathDouble.c,1655 :: 		
0x02DC	0x00F0      	MOVWF      R0
;__Lib_MathDouble.c,1656 :: 		
0x02DD	0x0872      	MOVF       R2, 0
;__Lib_MathDouble.c,1657 :: 		
0x02DE	0x00F1      	MOVWF      R1
;__Lib_MathDouble.c,1660 :: 		
L_end_double2word:
0x02DF	0x0008      	RETURN
; end of _double2word
_Compare_Double:
;__Lib_MathDouble.c,2053 :: 		
;__Lib_MathDouble.c,2062 :: 		
;__Lib_MathDouble.c,2064 :: 		
0x02E0	0x1283      	BCF        STATUS, 5
;__Lib_MathDouble.c,2065 :: 		
0x02E1	0x1303      	BCF        STATUS, 6
;__Lib_MathDouble.c,2067 :: 		
0x02E2	0x01FA      	CLRF       R10
;__Lib_MathDouble.c,2068 :: 		
0x02E3	0x0873      	MOVF       R3, 0
;__Lib_MathDouble.c,2069 :: 		
0x02E4	0x1D03      	BTFSS      STATUS, 2
;__Lib_MathDouble.c,2070 :: 		
0x02E5	0x147A      	BSF        R10, 0
;__Lib_MathDouble.c,2071 :: 		
0x02E6	0x0877      	MOVF       R7, 0
;__Lib_MathDouble.c,2072 :: 		
0x02E7	0x1D03      	BTFSS      STATUS, 2
;__Lib_MathDouble.c,2073 :: 		
0x02E8	0x14FA      	BSF        R10, 1
;__Lib_MathDouble.c,2075 :: 		
0x02E9	0x087A      	MOVF       R10, 0
;__Lib_MathDouble.c,2076 :: 		
0x02EA	0x1903      	BTFSC      STATUS, 2
;__Lib_MathDouble.c,2077 :: 		
0x02EB	0x2B2C      	GOTO       COMPARE_EQU
;__Lib_MathDouble.c,2078 :: 		
0x02EC	0x3A03      	XORLW      3
;__Lib_MathDouble.c,2079 :: 		
0x02ED	0x1903      	BTFSC      STATUS, 2
;__Lib_MathDouble.c,2080 :: 		
0x02EE	0x2AF7      	GOTO       COMPARE_NOTZERO
;__Lib_MathDouble.c,2082 :: 		
0x02EF	0x187A      	BTFSC      R10, 0
;__Lib_MathDouble.c,2083 :: 		
0x02F0	0x2AF4      	GOTO       COMPARE_XNOTZERO
;__Lib_MathDouble.c,2085 :: 		
0x02F1	0x1FF6      	BTFSS      R6, 7
;__Lib_MathDouble.c,2086 :: 		
0x02F2	0x2B2A      	GOTO       COMPARE_LT
;__Lib_MathDouble.c,2087 :: 		
0x02F3	0x2B28      	GOTO       COMPARE_GT
;__Lib_MathDouble.c,2088 :: 		
COMPARE_XNOTZERO:
;__Lib_MathDouble.c,2089 :: 		
0x02F4	0x1FF2      	BTFSS      R2, 7
;__Lib_MathDouble.c,2090 :: 		
0x02F5	0x2B28      	GOTO       COMPARE_GT
;__Lib_MathDouble.c,2091 :: 		
0x02F6	0x2B2A      	GOTO       COMPARE_LT
;__Lib_MathDouble.c,2093 :: 		
COMPARE_NOTZERO:
;__Lib_MathDouble.c,2094 :: 		
0x02F7	0x0872      	MOVF       R2, 0
;__Lib_MathDouble.c,2095 :: 		
0x02F8	0x3980      	ANDLW      128
;__Lib_MathDouble.c,2096 :: 		
0x02F9	0x00FA      	MOVWF      R10
;__Lib_MathDouble.c,2097 :: 		
0x02FA	0x13F2      	BCF        R2, 7
;__Lib_MathDouble.c,2099 :: 		
0x02FB	0x0876      	MOVF       R6, 0
;__Lib_MathDouble.c,2100 :: 		
0x02FC	0x3980      	ANDLW      128
;__Lib_MathDouble.c,2101 :: 		
0x02FD	0x13F6      	BCF        R6, 7
;__Lib_MathDouble.c,2103 :: 		
0x02FE	0x067A      	XORWF      R10, 0
;__Lib_MathDouble.c,2104 :: 		
0x02FF	0x1903      	BTFSC      STATUS, 2
;__Lib_MathDouble.c,2105 :: 		
0x0300	0x2B05      	GOTO       COMPARE_TESTALL
;__Lib_MathDouble.c,2107 :: 		
0x0301	0x087A      	MOVF       R10, 0
;__Lib_MathDouble.c,2108 :: 		
0x0302	0x1903      	BTFSC      STATUS, 2
;__Lib_MathDouble.c,2109 :: 		
0x0303	0x2B28      	GOTO       COMPARE_GT
;__Lib_MathDouble.c,2110 :: 		
0x0304	0x2B2A      	GOTO       COMPARE_LT
;__Lib_MathDouble.c,2112 :: 		
COMPARE_TESTALL:
;__Lib_MathDouble.c,2113 :: 		
0x0305	0x0877      	MOVF       R7, 0
;__Lib_MathDouble.c,2114 :: 		
0x0306	0x0273      	SUBWF      R3, 0
;__Lib_MathDouble.c,2115 :: 		
0x0307	0x1903      	BTFSC      STATUS, 2
;__Lib_MathDouble.c,2116 :: 		
0x0308	0x2B0C      	GOTO       COMPARE_C1
;__Lib_MathDouble.c,2117 :: 		
0x0309	0x1C03      	BTFSS      STATUS, 0
;__Lib_MathDouble.c,2118 :: 		
0x030A	0x2B20      	GOTO       GT_FALSE
;__Lib_MathDouble.c,2119 :: 		
0x030B	0x2B24      	GOTO       GT_TRUE
;__Lib_MathDouble.c,2120 :: 		
COMPARE_C1:
;__Lib_MathDouble.c,2121 :: 		
0x030C	0x0876      	MOVF       R6, 0
;__Lib_MathDouble.c,2122 :: 		
0x030D	0x0272      	SUBWF      R2, 0
;__Lib_MathDouble.c,2123 :: 		
0x030E	0x1903      	BTFSC      STATUS, 2
;__Lib_MathDouble.c,2124 :: 		
0x030F	0x2B13      	GOTO       COMPARE_C2
;__Lib_MathDouble.c,2125 :: 		
0x0310	0x1C03      	BTFSS      STATUS, 0
;__Lib_MathDouble.c,2126 :: 		
0x0311	0x2B20      	GOTO       GT_FALSE
;__Lib_MathDouble.c,2127 :: 		
0x0312	0x2B24      	GOTO       GT_TRUE
;__Lib_MathDouble.c,2128 :: 		
COMPARE_C2:
;__Lib_MathDouble.c,2129 :: 		
0x0313	0x0875      	MOVF       R5, 0
;__Lib_MathDouble.c,2130 :: 		
0x0314	0x0271      	SUBWF      R1, 0
;__Lib_MathDouble.c,2131 :: 		
0x0315	0x1903      	BTFSC      STATUS, 2
;__Lib_MathDouble.c,2132 :: 		
0x0316	0x2B1A      	GOTO       COMPARE_C3
;__Lib_MathDouble.c,2133 :: 		
0x0317	0x1C03      	BTFSS      STATUS, 0
;__Lib_MathDouble.c,2134 :: 		
0x0318	0x2B20      	GOTO       GT_FALSE
;__Lib_MathDouble.c,2135 :: 		
0x0319	0x2B24      	GOTO       GT_TRUE
;__Lib_MathDouble.c,2136 :: 		
COMPARE_C3:
;__Lib_MathDouble.c,2137 :: 		
0x031A	0x0874      	MOVF       R4, 0
;__Lib_MathDouble.c,2138 :: 		
0x031B	0x0270      	SUBWF      R0, 0
;__Lib_MathDouble.c,2139 :: 		
0x031C	0x1903      	BTFSC      STATUS, 2
;__Lib_MathDouble.c,2140 :: 		
0x031D	0x2B2C      	GOTO       COMPARE_EQU
;__Lib_MathDouble.c,2141 :: 		
0x031E	0x1803      	BTFSC      STATUS, 0
;__Lib_MathDouble.c,2142 :: 		
0x031F	0x2B24      	GOTO       GT_TRUE
;__Lib_MathDouble.c,2144 :: 		
GT_FALSE:
;__Lib_MathDouble.c,2145 :: 		
0x0320	0x08FA      	MOVF       R10, 1
;__Lib_MathDouble.c,2146 :: 		
0x0321	0x1903      	BTFSC      STATUS, 2
;__Lib_MathDouble.c,2147 :: 		
0x0322	0x2B2A      	GOTO       COMPARE_LT
;__Lib_MathDouble.c,2148 :: 		
0x0323	0x2B28      	GOTO       COMPARE_GT
;__Lib_MathDouble.c,2149 :: 		
GT_TRUE:
;__Lib_MathDouble.c,2150 :: 		
0x0324	0x08FA      	MOVF       R10, 1
;__Lib_MathDouble.c,2151 :: 		
0x0325	0x1903      	BTFSC      STATUS, 2
;__Lib_MathDouble.c,2152 :: 		
0x0326	0x2B28      	GOTO       COMPARE_GT
;__Lib_MathDouble.c,2153 :: 		
0x0327	0x2B2A      	GOTO       COMPARE_LT
;__Lib_MathDouble.c,2155 :: 		
COMPARE_GT:
;__Lib_MathDouble.c,2158 :: 		
0x0328	0x1403      	BSF        STATUS, 0
;__Lib_MathDouble.c,2159 :: 		
0x0329	0x0008      	RETURN
;__Lib_MathDouble.c,2160 :: 		
COMPARE_LT:
;__Lib_MathDouble.c,2163 :: 		
0x032A	0x1003      	BCF        STATUS, 0
;__Lib_MathDouble.c,2164 :: 		
0x032B	0x0008      	RETURN
;__Lib_MathDouble.c,2165 :: 		
COMPARE_EQU:
;__Lib_MathDouble.c,2168 :: 		
0x032C	0x1403      	BSF        STATUS, 0
;__Lib_MathDouble.c,2169 :: 		
0x032D	0x1503      	BSF        STATUS, 2
;__Lib_MathDouble.c,2170 :: 		
0x032E	0x0008      	RETURN
;__Lib_MathDouble.c,2172 :: 		
L_end_Compare_Double:
0x032F	0x0008      	RETURN
; end of _Compare_Double
_____DoICP:
;__Lib_System.c,6 :: 		
;__Lib_System.c,9 :: 		
0x0330	0x1283      	BCF        STATUS, 5
0x0331	0x1303      	BCF        STATUS, 6
0x0332	0x0836      	MOVF       ___DoICPAddr+1, 0
0x0333	0x008A      	MOVWF      PCLATH
;__Lib_System.c,10 :: 		
0x0334	0x0835      	MOVF       ___DoICPAddr, 0
0x0335	0x0082      	MOVWF      PCL
;__Lib_System.c,12 :: 		
L_end_____DoICP:
0x0336	0x0008      	RETURN
; end of _____DoICP
_ATD_read_TMP:
;MyProject.c,151 :: 		float ATD_read_TMP(void) {
;MyProject.c,154 :: 		ADCON0 = ADCON0 | 0x04; // Start ADC conversion
0x0337	0x1283      	BCF        STATUS, 5
0x0338	0x1303      	BCF        STATUS, 6
0x0339	0x151F      	BSF        ADCON0, 2
;MyProject.c,155 :: 		while (ADCON0 & 0x04); // Wait for conversion to complete
L_ATD_read_TMP19:
0x033A	0x1D1F      	BTFSS      ADCON0, 2
0x033B	0x2B3D      	GOTO       L_ATD_read_TMP20
0x033C	0x2B3A      	GOTO       L_ATD_read_TMP19
L_ATD_read_TMP20:
;MyProject.c,157 :: 		ret = (ADRESH << 8) | ADRESL;
0x033D	0x081E      	MOVF       ADRESH, 0
0x033E	0x00F1      	MOVWF      R0+1
0x033F	0x01F0      	CLRF       R0
0x0340	0x1683      	BSF        STATUS, 5
0x0341	0x081E      	MOVF       ADRESL, 0
0x0342	0x04F0      	IORWF      R0, 1
0x0343	0x3000      	MOVLW      0
0x0344	0x04F1      	IORWF      R0+1, 1
0x0345	0x211A      	CALL       _word2double
;MyProject.c,158 :: 		return ret;
;MyProject.c,159 :: 		}
L_end_ATD_read_TMP:
0x0346	0x0008      	RETURN
; end of _ATD_read_TMP
_Div_16X16_U:
;__Lib_Math.c,215 :: 		
;__Lib_Math.c,222 :: 		
0x0347	0x1283      	BCF        STATUS, 5
;__Lib_Math.c,223 :: 		
0x0348	0x1303      	BCF        STATUS, 6
;__Lib_Math.c,224 :: 		
0x0349	0x01F8      	CLRF       R8
;__Lib_Math.c,225 :: 		
0x034A	0x01F9      	CLRF       R9
;__Lib_Math.c,226 :: 		
0x034B	0x3010      	MOVLW      16
;__Lib_Math.c,227 :: 		
0x034C	0x00FC      	MOVWF      R12
;__Lib_Math.c,228 :: 		
0x034D	0x0D71      	RLF        R1, 0
;__Lib_Math.c,229 :: 		
0x034E	0x0DF8      	RLF        R8, 1
;__Lib_Math.c,230 :: 		
0x034F	0x0DF9      	RLF        R9, 1
;__Lib_Math.c,231 :: 		
0x0350	0x0874      	MOVF       R4, 0
;__Lib_Math.c,232 :: 		
0x0351	0x02F8      	SUBWF      R8, 1
;__Lib_Math.c,233 :: 		
0x0352	0x0875      	MOVF       R5, 0
;__Lib_Math.c,234 :: 		
0x0353	0x1C03      	BTFSS      STATUS, 0
;__Lib_Math.c,235 :: 		
0x0354	0x0F75      	INCFSZ     R5, 0
;__Lib_Math.c,236 :: 		
0x0355	0x02F9      	SUBWF      R9, 1
;__Lib_Math.c,237 :: 		
0x0356	0x1803      	BTFSC      STATUS, 0
;__Lib_Math.c,238 :: 		
0x0357	0x2B5F      	GOTO       $+8
;__Lib_Math.c,239 :: 		
0x0358	0x0874      	MOVF       R4, 0
;__Lib_Math.c,240 :: 		
0x0359	0x07F8      	ADDWF      R8, 1
;__Lib_Math.c,241 :: 		
0x035A	0x0875      	MOVF       R5, 0
;__Lib_Math.c,242 :: 		
0x035B	0x1803      	BTFSC      STATUS, 0
;__Lib_Math.c,243 :: 		
0x035C	0x0F75      	INCFSZ     R5, 0
;__Lib_Math.c,244 :: 		
0x035D	0x07F9      	ADDWF      R9, 1
;__Lib_Math.c,245 :: 		
0x035E	0x1003      	BCF        STATUS, 0
;__Lib_Math.c,246 :: 		
0x035F	0x0DF0      	RLF        R0, 1
;__Lib_Math.c,247 :: 		
0x0360	0x0DF1      	RLF        R1, 1
;__Lib_Math.c,248 :: 		
0x0361	0x0BFC      	DECFSZ     R12, 1
;__Lib_Math.c,249 :: 		
0x0362	0x2B4D      	GOTO       $-21
;__Lib_Math.c,251 :: 		
L_end_Div_16X16_U:
0x0363	0x0008      	RETURN
; end of _Div_16X16_U
_ATD_init_TMP:
;MyProject.c,146 :: 		void ATD_init_TMP(void) {    // Initiate TMP at Channel 3 (RA3)
;MyProject.c,147 :: 		ADCON0 = 0x59;// ATD ON, Don't GO, Channel 3, Fosc/16
0x0364	0x3059      	MOVLW      89
0x0365	0x1283      	BCF        STATUS, 5
0x0366	0x1303      	BCF        STATUS, 6
0x0367	0x009F      	MOVWF      ADCON0
;MyProject.c,148 :: 		ADCON1 = 0xC0;// All channels Analog, 500 KHz, right justified
0x0368	0x30C0      	MOVLW      192
0x0369	0x1683      	BSF        STATUS, 5
0x036A	0x009F      	MOVWF      ADCON1
;MyProject.c,149 :: 		}
L_end_ATD_init_TMP:
0x036B	0x0008      	RETURN
; end of _ATD_init_TMP
_ATD_read_LDR:
;MyProject.c,190 :: 		unsigned int ATD_read_LDR(void) {
;MyProject.c,193 :: 		ADCON0 = ADCON0 | 0x04; // Start ADC conversion
0x036C	0x1283      	BCF        STATUS, 5
0x036D	0x1303      	BCF        STATUS, 6
0x036E	0x151F      	BSF        ADCON0, 2
;MyProject.c,194 :: 		while (ADCON0 & 0x04); // Wait for conversion to complete
L_ATD_read_LDR29:
0x036F	0x1D1F      	BTFSS      ADCON0, 2
0x0370	0x2B72      	GOTO       L_ATD_read_LDR30
0x0371	0x2B6F      	GOTO       L_ATD_read_LDR29
L_ATD_read_LDR30:
;MyProject.c,196 :: 		ret = (ADRESH << 8) | ADRESL;
0x0372	0x081E      	MOVF       ADRESH, 0
0x0373	0x00F1      	MOVWF      R0+1
0x0374	0x01F0      	CLRF       R0
0x0375	0x1683      	BSF        STATUS, 5
0x0376	0x081E      	MOVF       ADRESL, 0
0x0377	0x04F0      	IORWF      R0, 1
0x0378	0x3000      	MOVLW      0
0x0379	0x04F1      	IORWF      R0+1, 1
;MyProject.c,197 :: 		return ret;
;MyProject.c,198 :: 		}
L_end_ATD_read_LDR:
0x037A	0x0008      	RETURN
; end of _ATD_read_LDR
_read_temperature:
;MyProject.c,121 :: 		void read_temperature(void) {
;MyProject.c,122 :: 		ATD_init_TMP(); // initiate RA3 for Analog Reading
0x037B	0x2364      	CALL       _ATD_init_TMP
;MyProject.c,123 :: 		myreading2 = ATD_read_TMP();
0x037C	0x2337      	CALL       _ATD_read_TMP
0x037D	0x0870      	MOVF       R0, 0
0x037E	0x00B1      	MOVWF      _myreading2
0x037F	0x0871      	MOVF       R0+1, 0
0x0380	0x00B2      	MOVWF      _myreading2+1
0x0381	0x0872      	MOVF       R0+2, 0
0x0382	0x00B3      	MOVWF      _myreading2+2
0x0383	0x0873      	MOVF       R0+3, 0
0x0384	0x00B4      	MOVWF      _myreading2+3
;MyProject.c,125 :: 		temperature = ((myreading2 * 500) / 1023);
0x0385	0x3000      	MOVLW      0
0x0386	0x00F4      	MOVWF      R4
0x0387	0x3000      	MOVLW      0
0x0388	0x00F5      	MOVWF      R4+1
0x0389	0x307A      	MOVLW      122
0x038A	0x00F6      	MOVWF      R4+2
0x038B	0x3087      	MOVLW      135
0x038C	0x00F7      	MOVWF      R4+3
0x038D	0x2169      	CALL       _Mul_32x32_FP
0x038E	0x3000      	MOVLW      0
0x038F	0x00F4      	MOVWF      R4
0x0390	0x30C0      	MOVLW      192
0x0391	0x00F5      	MOVWF      R4+1
0x0392	0x307F      	MOVLW      127
0x0393	0x00F6      	MOVWF      R4+2
0x0394	0x3088      	MOVLW      136
0x0395	0x00F7      	MOVWF      R4+3
0x0396	0x21CA      	CALL       _Div_32x32_FP
0x0397	0x0870      	MOVF       R0, 0
0x0398	0x00CB      	MOVWF      FLOC__read_temperature
0x0399	0x0871      	MOVF       R0+1, 0
0x039A	0x00CC      	MOVWF      FLOC__read_temperature+1
0x039B	0x0872      	MOVF       R0+2, 0
0x039C	0x00CD      	MOVWF      FLOC__read_temperature+2
0x039D	0x0873      	MOVF       R0+3, 0
0x039E	0x00CE      	MOVWF      FLOC__read_temperature+3
0x039F	0x084B      	MOVF       FLOC__read_temperature, 0
0x03A0	0x00AD      	MOVWF      _temperature
0x03A1	0x084C      	MOVF       FLOC__read_temperature+1, 0
0x03A2	0x00AE      	MOVWF      _temperature+1
0x03A3	0x084D      	MOVF       FLOC__read_temperature+2, 0
0x03A4	0x00AF      	MOVWF      _temperature+2
0x03A5	0x084E      	MOVF       FLOC__read_temperature+3, 0
0x03A6	0x00B0      	MOVWF      _temperature+3
;MyProject.c,126 :: 		t = temperature;
0x03A7	0x084B      	MOVF       FLOC__read_temperature, 0
0x03A8	0x00F0      	MOVWF      R0
0x03A9	0x084C      	MOVF       FLOC__read_temperature+1, 0
0x03AA	0x00F1      	MOVWF      R0+1
0x03AB	0x084D      	MOVF       FLOC__read_temperature+2, 0
0x03AC	0x00F2      	MOVWF      R0+2
0x03AD	0x084E      	MOVF       FLOC__read_temperature+3, 0
0x03AE	0x00F3      	MOVWF      R0+3
0x03AF	0x2281      	CALL       _double2word
0x03B0	0x0870      	MOVF       R0, 0
0x03B1	0x00B7      	MOVWF      _t
0x03B2	0x0871      	MOVF       R0+1, 0
0x03B3	0x00B8      	MOVWF      _t+1
;MyProject.c,129 :: 		if (temperature > 40.0) {
0x03B4	0x084B      	MOVF       FLOC__read_temperature, 0
0x03B5	0x00F4      	MOVWF      R4
0x03B6	0x084C      	MOVF       FLOC__read_temperature+1, 0
0x03B7	0x00F5      	MOVWF      R4+1
0x03B8	0x084D      	MOVF       FLOC__read_temperature+2, 0
0x03B9	0x00F6      	MOVWF      R4+2
0x03BA	0x084E      	MOVF       FLOC__read_temperature+3, 0
0x03BB	0x00F7      	MOVWF      R4+3
0x03BC	0x3000      	MOVLW      0
0x03BD	0x00F0      	MOVWF      R0
0x03BE	0x3000      	MOVLW      0
0x03BF	0x00F1      	MOVWF      R0+1
0x03C0	0x3020      	MOVLW      32
0x03C1	0x00F2      	MOVWF      R0+2
0x03C2	0x3084      	MOVLW      132
0x03C3	0x00F3      	MOVWF      R0+3
0x03C4	0x22E0      	CALL       _Compare_Double
0x03C5	0x3001      	MOVLW      1
0x03C6	0x1803      	BTFSC      STATUS, 0
0x03C7	0x3000      	MOVLW      0
0x03C8	0x00F0      	MOVWF      R0
0x03C9	0x0870      	MOVF       R0, 0
0x03CA	0x1903      	BTFSC      STATUS, 2
0x03CB	0x2BD3      	GOTO       L_read_temperature13
;MyProject.c,130 :: 		speed = 99;
0x03CC	0x3063      	MOVLW      99
0x03CD	0x00B9      	MOVWF      _speed
0x03CE	0x3000      	MOVLW      0
0x03CF	0x00BA      	MOVWF      _speed+1
;MyProject.c,131 :: 		PORTC = 0xFF;
0x03D0	0x30FF      	MOVLW      255
0x03D1	0x0087      	MOVWF      PORTC
;MyProject.c,132 :: 		}
0x03D2	0x2C41      	GOTO       L_read_temperature14
L_read_temperature13:
;MyProject.c,133 :: 		else if ((temperature < 40.0) & (temperature > 30.0)) {
0x03D3	0x3000      	MOVLW      0
0x03D4	0x00F4      	MOVWF      R4
0x03D5	0x3000      	MOVLW      0
0x03D6	0x00F5      	MOVWF      R4+1
0x03D7	0x3020      	MOVLW      32
0x03D8	0x00F6      	MOVWF      R4+2
0x03D9	0x3084      	MOVLW      132
0x03DA	0x00F7      	MOVWF      R4+3
0x03DB	0x082D      	MOVF       _temperature, 0
0x03DC	0x00F0      	MOVWF      R0
0x03DD	0x082E      	MOVF       _temperature+1, 0
0x03DE	0x00F1      	MOVWF      R0+1
0x03DF	0x082F      	MOVF       _temperature+2, 0
0x03E0	0x00F2      	MOVWF      R0+2
0x03E1	0x0830      	MOVF       _temperature+3, 0
0x03E2	0x00F3      	MOVWF      R0+3
0x03E3	0x22E0      	CALL       _Compare_Double
0x03E4	0x3001      	MOVLW      1
0x03E5	0x1803      	BTFSC      STATUS, 0
0x03E6	0x3000      	MOVLW      0
0x03E7	0x00CB      	MOVWF      FLOC__read_temperature
0x03E8	0x082D      	MOVF       _temperature, 0
0x03E9	0x00F4      	MOVWF      R4
0x03EA	0x082E      	MOVF       _temperature+1, 0
0x03EB	0x00F5      	MOVWF      R4+1
0x03EC	0x082F      	MOVF       _temperature+2, 0
0x03ED	0x00F6      	MOVWF      R4+2
0x03EE	0x0830      	MOVF       _temperature+3, 0
0x03EF	0x00F7      	MOVWF      R4+3
0x03F0	0x3000      	MOVLW      0
0x03F1	0x00F0      	MOVWF      R0
0x03F2	0x3000      	MOVLW      0
0x03F3	0x00F1      	MOVWF      R0+1
0x03F4	0x3070      	MOVLW      112
0x03F5	0x00F2      	MOVWF      R0+2
0x03F6	0x3083      	MOVLW      131
0x03F7	0x00F3      	MOVWF      R0+3
0x03F8	0x22E0      	CALL       _Compare_Double
0x03F9	0x3001      	MOVLW      1
0x03FA	0x1803      	BTFSC      STATUS, 0
0x03FB	0x3000      	MOVLW      0
0x03FC	0x00F0      	MOVWF      R0
0x03FD	0x084B      	MOVF       FLOC__read_temperature, 0
0x03FE	0x05F0      	ANDWF      R0, 1
0x03FF	0x1903      	BTFSC      STATUS, 2
0x0400	0x2C08      	GOTO       L_read_temperature15
;MyProject.c,134 :: 		speed = 30;
0x0401	0x301E      	MOVLW      30
0x0402	0x00B9      	MOVWF      _speed
0x0403	0x3000      	MOVLW      0
0x0404	0x00BA      	MOVWF      _speed+1
;MyProject.c,135 :: 		PORTC = 0x0F;
0x0405	0x300F      	MOVLW      15
0x0406	0x0087      	MOVWF      PORTC
;MyProject.c,136 :: 		}
0x0407	0x2C41      	GOTO       L_read_temperature16
L_read_temperature15:
;MyProject.c,137 :: 		else if ((temperature < 30.0) & (temperature > 25.0)) {
0x0408	0x3000      	MOVLW      0
0x0409	0x00F4      	MOVWF      R4
0x040A	0x3000      	MOVLW      0
0x040B	0x00F5      	MOVWF      R4+1
0x040C	0x3070      	MOVLW      112
0x040D	0x00F6      	MOVWF      R4+2
0x040E	0x3083      	MOVLW      131
0x040F	0x00F7      	MOVWF      R4+3
0x0410	0x082D      	MOVF       _temperature, 0
0x0411	0x00F0      	MOVWF      R0
0x0412	0x082E      	MOVF       _temperature+1, 0
0x0413	0x00F1      	MOVWF      R0+1
0x0414	0x082F      	MOVF       _temperature+2, 0
0x0415	0x00F2      	MOVWF      R0+2
0x0416	0x0830      	MOVF       _temperature+3, 0
0x0417	0x00F3      	MOVWF      R0+3
0x0418	0x22E0      	CALL       _Compare_Double
0x0419	0x3001      	MOVLW      1
0x041A	0x1803      	BTFSC      STATUS, 0
0x041B	0x3000      	MOVLW      0
0x041C	0x00CB      	MOVWF      FLOC__read_temperature
0x041D	0x082D      	MOVF       _temperature, 0
0x041E	0x00F4      	MOVWF      R4
0x041F	0x082E      	MOVF       _temperature+1, 0
0x0420	0x00F5      	MOVWF      R4+1
0x0421	0x082F      	MOVF       _temperature+2, 0
0x0422	0x00F6      	MOVWF      R4+2
0x0423	0x0830      	MOVF       _temperature+3, 0
0x0424	0x00F7      	MOVWF      R4+3
0x0425	0x3000      	MOVLW      0
0x0426	0x00F0      	MOVWF      R0
0x0427	0x3000      	MOVLW      0
0x0428	0x00F1      	MOVWF      R0+1
0x0429	0x3048      	MOVLW      72
0x042A	0x00F2      	MOVWF      R0+2
0x042B	0x3083      	MOVLW      131
0x042C	0x00F3      	MOVWF      R0+3
0x042D	0x22E0      	CALL       _Compare_Double
0x042E	0x3001      	MOVLW      1
0x042F	0x1803      	BTFSC      STATUS, 0
0x0430	0x3000      	MOVLW      0
0x0431	0x00F0      	MOVWF      R0
0x0432	0x084B      	MOVF       FLOC__read_temperature, 0
0x0433	0x05F0      	ANDWF      R0, 1
0x0434	0x1903      	BTFSC      STATUS, 2
0x0435	0x2C3D      	GOTO       L_read_temperature17
;MyProject.c,138 :: 		speed = 18;
0x0436	0x3012      	MOVLW      18
0x0437	0x00B9      	MOVWF      _speed
0x0438	0x3000      	MOVLW      0
0x0439	0x00BA      	MOVWF      _speed+1
;MyProject.c,139 :: 		PORTC = 0x04;
0x043A	0x3004      	MOVLW      4
0x043B	0x0087      	MOVWF      PORTC
;MyProject.c,140 :: 		}
0x043C	0x2C41      	GOTO       L_read_temperature18
L_read_temperature17:
;MyProject.c,142 :: 		speed = 0;
0x043D	0x01B9      	CLRF       _speed
0x043E	0x01BA      	CLRF       _speed+1
;MyProject.c,143 :: 		PORTC = 0x01;
0x043F	0x3001      	MOVLW      1
0x0440	0x0087      	MOVWF      PORTC
;MyProject.c,144 :: 		}
L_read_temperature18:
L_read_temperature16:
L_read_temperature14:
;MyProject.c,145 :: 		}
L_end_read_temperature:
0x0441	0x0008      	RETURN
; end of _read_temperature
_PWM:
;MyProject.c,172 :: 		void PWM(unsigned int p, unsigned int d) {
;MyProject.c,176 :: 		period = p;//milliseconds
0x0442	0x1283      	BCF        STATUS, 5
0x0443	0x1303      	BCF        STATUS, 6
0x0444	0x084B      	MOVF       FARG_PWM_p, 0
0x0445	0x00C6      	MOVWF      _period
0x0446	0x084C      	MOVF       FARG_PWM_p+1, 0
0x0447	0x00C7      	MOVWF      _period+1
;MyProject.c,177 :: 		duty = (d * p) / 100;
0x0448	0x084D      	MOVF       FARG_PWM_d, 0
0x0449	0x00F0      	MOVWF      R0
0x044A	0x084E      	MOVF       FARG_PWM_d+1, 0
0x044B	0x00F1      	MOVWF      R0+1
0x044C	0x084B      	MOVF       FARG_PWM_p, 0
0x044D	0x00F4      	MOVWF      R4
0x044E	0x084C      	MOVF       FARG_PWM_p+1, 0
0x044F	0x00F5      	MOVWF      R4+1
0x0450	0x213E      	CALL       _Mul_16X16_U
0x0451	0x3064      	MOVLW      100
0x0452	0x00F4      	MOVWF      R4
0x0453	0x3000      	MOVLW      0
0x0454	0x00F5      	MOVWF      R4+1
0x0455	0x2347      	CALL       _Div_16X16_U
0x0456	0x0870      	MOVF       R0, 0
0x0457	0x00BD      	MOVWF      _duty
0x0458	0x0871      	MOVF       R0+1, 0
0x0459	0x00BE      	MOVWF      _duty+1
;MyProject.c,178 :: 		PORTB = PORTB | 0x10; // High RB4
0x045A	0x1606      	BSF        PORTB, 4
;MyProject.c,179 :: 		myDelay(duty);
0x045B	0x0870      	MOVF       R0, 0
0x045C	0x00CF      	MOVWF      FARG_myDelay_x
0x045D	0x0871      	MOVF       R0+1, 0
0x045E	0x00D0      	MOVWF      FARG_myDelay_x+1
0x045F	0x2130      	CALL       _myDelay
;MyProject.c,180 :: 		PORTB = PORTB & 0xEF; // Low RB4
0x0460	0x30EF      	MOVLW      239
0x0461	0x0586      	ANDWF      PORTB, 1
;MyProject.c,181 :: 		myDelay(period - duty);
0x0462	0x083D      	MOVF       _duty, 0
0x0463	0x0246      	SUBWF      _period, 0
0x0464	0x00CF      	MOVWF      FARG_myDelay_x
0x0465	0x083E      	MOVF       _duty+1, 0
0x0466	0x1C03      	BTFSS      STATUS, 0
0x0467	0x3E01      	ADDLW      1
0x0468	0x0247      	SUBWF      _period+1, 0
0x0469	0x00D0      	MOVWF      FARG_myDelay_x+1
0x046A	0x2130      	CALL       _myDelay
;MyProject.c,183 :: 		}
L_end_PWM:
0x046B	0x0008      	RETURN
; end of _PWM
_myDDelay:
;MyProject.c,161 :: 		void myDDelay(void) {
;MyProject.c,164 :: 		for (k = 0; k < 40; k++)
0x046C	0x1283      	BCF        STATUS, 5
0x046D	0x1303      	BCF        STATUS, 6
0x046E	0x01F3      	CLRF       R3
L_myDDelay21:
0x046F	0x3028      	MOVLW      40
0x0470	0x0273      	SUBWF      R3, 0
0x0471	0x1803      	BTFSC      STATUS, 0
0x0472	0x2C83      	GOTO       L_myDDelay22
;MyProject.c,165 :: 		for (j = 0; j < 2000; j++);
0x0473	0x01F1      	CLRF       R1
0x0474	0x01F2      	CLRF       R1+1
L_myDDelay24:
0x0475	0x3007      	MOVLW      7
0x0476	0x0272      	SUBWF      R1+1, 0
0x0477	0x1D03      	BTFSS      STATUS, 2
0x0478	0x2C7B      	GOTO       L__myDDelay57
0x0479	0x30D0      	MOVLW      208
0x047A	0x0271      	SUBWF      R1, 0
L__myDDelay57:
0x047B	0x1803      	BTFSC      STATUS, 0
0x047C	0x2C81      	GOTO       L_myDDelay25
0x047D	0x0AF1      	INCF       R1, 1
0x047E	0x1903      	BTFSC      STATUS, 2
0x047F	0x0AF2      	INCF       R1+1, 1
0x0480	0x2C75      	GOTO       L_myDDelay24
L_myDDelay25:
;MyProject.c,164 :: 		for (k = 0; k < 40; k++)
0x0481	0x0AF3      	INCF       R3, 1
;MyProject.c,165 :: 		for (j = 0; j < 2000; j++);
0x0482	0x2C6F      	GOTO       L_myDDelay21
L_myDDelay22:
;MyProject.c,166 :: 		}
L_end_myDDelay:
0x0483	0x0008      	RETURN
; end of _myDDelay
___CC2DW:
;__Lib_System.c,134 :: 		
;__Lib_System.c,137 :: 		
_CC2D_Loop1:
;__Lib_System.c,139 :: 		
0x0484	0x2330      	CALL       _____DoICP
0x0485	0x118A      	BCF        PCLATH, 3
0x0486	0x120A      	BCF        PCLATH, 4
;__Lib_System.c,141 :: 		
0x0487	0x0080      	MOVWF      INDF
;__Lib_System.c,142 :: 		
0x0488	0x0A84      	INCF       FSR, 1
;__Lib_System.c,143 :: 		
0x0489	0x0AB5      	INCF       ___DoICPAddr, 1
;__Lib_System.c,145 :: 		
0x048A	0x1903      	BTFSC      STATUS, 2
;__Lib_System.c,146 :: 		
0x048B	0x0AB6      	INCF       ___DoICPAddr+1, 1
;__Lib_System.c,147 :: 		
0x048C	0x03F0      	DECF       R0, 1
;__Lib_System.c,149 :: 		
0x048D	0x1D03      	BTFSS      STATUS, 2
;__Lib_System.c,150 :: 		
0x048E	0x2C84      	GOTO       _CC2D_Loop1
;__Lib_System.c,152 :: 		
L_end___CC2DW:
0x048F	0x0008      	RETURN
; end of ___CC2DW
_ATD_init_LDR:
;MyProject.c,185 :: 		void ATD_init_LDR(void) {    // Initiate LDR at Channel 1 (RA1)
;MyProject.c,186 :: 		ADCON0 = 0x49;// ATD ON, Don't GO, Channel 1, Fosc/16
0x0490	0x3049      	MOVLW      73
0x0491	0x1283      	BCF        STATUS, 5
0x0492	0x1303      	BCF        STATUS, 6
0x0493	0x009F      	MOVWF      ADCON0
;MyProject.c,187 :: 		ADCON1 = 0xC0;// All channels Analog, 500 KHz, right justified
0x0494	0x30C0      	MOVLW      192
0x0495	0x1683      	BSF        STATUS, 5
0x0496	0x009F      	MOVWF      ADCON1
;MyProject.c,188 :: 		}
L_end_ATD_init_LDR:
0x0497	0x0008      	RETURN
; end of _ATD_init_LDR
_LDR_Servo:
;MyProject.c,243 :: 		int LDR_Servo(void)
;MyProject.c,245 :: 		myreading = ATD_read_LDR();
0x0498	0x236C      	CALL       _ATD_read_LDR
0x0499	0x0870      	MOVF       R0, 0
0x049A	0x1283      	BCF        STATUS, 5
0x049B	0x00BB      	MOVWF      _myreading
0x049C	0x0871      	MOVF       R0+1, 0
0x049D	0x00BC      	MOVWF      _myreading+1
;MyProject.c,246 :: 		myVoltage = (myreading * 5) / 1023; // gets Voltage from LDR
0x049E	0x3005      	MOVLW      5
0x049F	0x00F4      	MOVWF      R4
0x04A0	0x3000      	MOVLW      0
0x04A1	0x00F5      	MOVWF      R4+1
0x04A2	0x213E      	CALL       _Mul_16X16_U
0x04A3	0x30FF      	MOVLW      255
0x04A4	0x00F4      	MOVWF      R4
0x04A5	0x3003      	MOVLW      3
0x04A6	0x00F5      	MOVWF      R4+1
0x04A7	0x2347      	CALL       _Div_16X16_U
0x04A8	0x0870      	MOVF       R0, 0
0x04A9	0x00C1      	MOVWF      _myVoltage
;MyProject.c,247 :: 		voltage = myVoltage;
0x04AA	0x0870      	MOVF       R0, 0
0x04AB	0x00BF      	MOVWF      _voltage
0x04AC	0x01C0      	CLRF       _voltage+1
;MyProject.c,248 :: 		return voltage;
0x04AD	0x083F      	MOVF       _voltage, 0
0x04AE	0x00F0      	MOVWF      R0
0x04AF	0x0840      	MOVF       _voltage+1, 0
0x04B0	0x00F1      	MOVWF      R0+1
;MyProject.c,249 :: 		}
L_end_LDR_Servo:
0x04B1	0x0008      	RETURN
; end of _LDR_Servo
_Rotation90:
;MyProject.c,228 :: 		void Rotation90() //90 Degree
;MyProject.c,231 :: 		for (i = 0; i < 50; i++)
0x04B2	0x1283      	BCF        STATUS, 5
0x04B3	0x1303      	BCF        STATUS, 6
0x04B4	0x01F1      	CLRF       R1
0x04B5	0x01F2      	CLRF       R1+1
L_Rotation9041:
0x04B6	0x3000      	MOVLW      0
0x04B7	0x0272      	SUBWF      R1+1, 0
0x04B8	0x1D03      	BTFSS      STATUS, 2
0x04B9	0x2CBC      	GOTO       L__Rotation9068
0x04BA	0x3032      	MOVLW      50
0x04BB	0x0271      	SUBWF      R1, 0
L__Rotation9068:
0x04BC	0x1803      	BTFSC      STATUS, 0
0x04BD	0x2CDA      	GOTO       L_Rotation9042
;MyProject.c,233 :: 		PORTB = PORTB | 0x20;
0x04BE	0x1686      	BSF        PORTB, 5
;MyProject.c,234 :: 		Delay_us(1500); // pulse of 1500us
0x04BF	0x3004      	MOVLW      4
0x04C0	0x00FC      	MOVWF      R12
0x04C1	0x30E4      	MOVLW      228
0x04C2	0x00FD      	MOVWF      R13
L_Rotation9044:
0x04C3	0x0BFD      	DECFSZ     R13, 1
0x04C4	0x2CC3      	GOTO       L_Rotation9044
0x04C5	0x0BFC      	DECFSZ     R12, 1
0x04C6	0x2CC3      	GOTO       L_Rotation9044
0x04C7	0x0000      	NOP
;MyProject.c,235 :: 		PORTB = PORTB & 0xDF;
0x04C8	0x30DF      	MOVLW      223
0x04C9	0x0586      	ANDWF      PORTB, 1
;MyProject.c,236 :: 		Delay_us(18500);
0x04CA	0x3031      	MOVLW      49
0x04CB	0x00FC      	MOVWF      R12
0x04CC	0x300B      	MOVLW      11
0x04CD	0x00FD      	MOVWF      R13
L_Rotation9045:
0x04CE	0x0BFD      	DECFSZ     R13, 1
0x04CF	0x2CCE      	GOTO       L_Rotation9045
0x04D0	0x0BFC      	DECFSZ     R12, 1
0x04D1	0x2CCE      	GOTO       L_Rotation9045
0x04D2	0x0000      	NOP
0x04D3	0x0000      	NOP
;MyProject.c,237 :: 		PORTB = PORTB & 0x7F; // Clear RB7
0x04D4	0x307F      	MOVLW      127
0x04D5	0x0586      	ANDWF      PORTB, 1
;MyProject.c,231 :: 		for (i = 0; i < 50; i++)
0x04D6	0x0AF1      	INCF       R1, 1
0x04D7	0x1903      	BTFSC      STATUS, 2
0x04D8	0x0AF2      	INCF       R1+1, 1
;MyProject.c,239 :: 		}
0x04D9	0x2CB6      	GOTO       L_Rotation9041
L_Rotation9042:
;MyProject.c,240 :: 		PORTB = PORTB & 0x7F; // Clear RB7
0x04DA	0x307F      	MOVLW      127
0x04DB	0x0586      	ANDWF      PORTB, 1
;MyProject.c,241 :: 		}
L_end_Rotation90:
0x04DC	0x0008      	RETURN
; end of _Rotation90
_Rotation45:
;MyProject.c,214 :: 		void Rotation45() //45 Degree
;MyProject.c,217 :: 		for (i = 0; i < 50; i++)
0x04DD	0x1283      	BCF        STATUS, 5
0x04DE	0x1303      	BCF        STATUS, 6
0x04DF	0x01F1      	CLRF       R1
0x04E0	0x01F2      	CLRF       R1+1
L_Rotation4536:
0x04E1	0x3000      	MOVLW      0
0x04E2	0x0272      	SUBWF      R1+1, 0
0x04E3	0x1D03      	BTFSS      STATUS, 2
0x04E4	0x2CE7      	GOTO       L__Rotation4566
0x04E5	0x3032      	MOVLW      50
0x04E6	0x0271      	SUBWF      R1, 0
L__Rotation4566:
0x04E7	0x1803      	BTFSC      STATUS, 0
0x04E8	0x2D02      	GOTO       L_Rotation4537
;MyProject.c,219 :: 		PORTB = PORTB | 0x20;
0x04E9	0x1686      	BSF        PORTB, 5
;MyProject.c,220 :: 		Delay_us(1150); // pulse of 400us
0x04EA	0x3003      	MOVLW      3
0x04EB	0x00FC      	MOVWF      R12
0x04EC	0x30FB      	MOVLW      251
0x04ED	0x00FD      	MOVWF      R13
L_Rotation4539:
0x04EE	0x0BFD      	DECFSZ     R13, 1
0x04EF	0x2CEE      	GOTO       L_Rotation4539
0x04F0	0x0BFC      	DECFSZ     R12, 1
0x04F1	0x2CEE      	GOTO       L_Rotation4539
0x04F2	0x0000      	NOP
0x04F3	0x0000      	NOP
;MyProject.c,221 :: 		PORTB = PORTB & 0xDF;
0x04F4	0x30DF      	MOVLW      223
0x04F5	0x0586      	ANDWF      PORTB, 1
;MyProject.c,222 :: 		Delay_us(18850);
0x04F6	0x3031      	MOVLW      49
0x04F7	0x00FC      	MOVWF      R12
0x04F8	0x30F5      	MOVLW      245
0x04F9	0x00FD      	MOVWF      R13
L_Rotation4540:
0x04FA	0x0BFD      	DECFSZ     R13, 1
0x04FB	0x2CFA      	GOTO       L_Rotation4540
0x04FC	0x0BFC      	DECFSZ     R12, 1
0x04FD	0x2CFA      	GOTO       L_Rotation4540
;MyProject.c,217 :: 		for (i = 0; i < 50; i++)
0x04FE	0x0AF1      	INCF       R1, 1
0x04FF	0x1903      	BTFSC      STATUS, 2
0x0500	0x0AF2      	INCF       R1+1, 1
;MyProject.c,223 :: 		}
0x0501	0x2CE1      	GOTO       L_Rotation4536
L_Rotation4537:
;MyProject.c,224 :: 		PORTB = PORTB & 0x7F; // Clear RB7
0x0502	0x307F      	MOVLW      127
0x0503	0x0586      	ANDWF      PORTB, 1
;MyProject.c,225 :: 		}
L_end_Rotation45:
0x0504	0x0008      	RETURN
; end of _Rotation45
_Rotation0:
;MyProject.c,200 :: 		void Rotation0() //0 Degree
;MyProject.c,203 :: 		for (i = 0; i < 50; i++)
0x0505	0x1283      	BCF        STATUS, 5
0x0506	0x1303      	BCF        STATUS, 6
0x0507	0x01F1      	CLRF       R1
0x0508	0x01F2      	CLRF       R1+1
L_Rotation031:
0x0509	0x3000      	MOVLW      0
0x050A	0x0272      	SUBWF      R1+1, 0
0x050B	0x1D03      	BTFSS      STATUS, 2
0x050C	0x2D0F      	GOTO       L__Rotation064
0x050D	0x3032      	MOVLW      50
0x050E	0x0271      	SUBWF      R1, 0
L__Rotation064:
0x050F	0x1803      	BTFSC      STATUS, 0
0x0510	0x2D2B      	GOTO       L_Rotation032
;MyProject.c,205 :: 		PORTB = PORTB | 0x20;
0x0511	0x1686      	BSF        PORTB, 5
;MyProject.c,206 :: 		Delay_us(800); // pulse of 800us
0x0512	0x3003      	MOVLW      3
0x0513	0x00FC      	MOVWF      R12
0x0514	0x3012      	MOVLW      18
0x0515	0x00FD      	MOVWF      R13
L_Rotation034:
0x0516	0x0BFD      	DECFSZ     R13, 1
0x0517	0x2D16      	GOTO       L_Rotation034
0x0518	0x0BFC      	DECFSZ     R12, 1
0x0519	0x2D16      	GOTO       L_Rotation034
0x051A	0x0000      	NOP
;MyProject.c,207 :: 		PORTB = PORTB & 0xDF;
0x051B	0x30DF      	MOVLW      223
0x051C	0x0586      	ANDWF      PORTB, 1
;MyProject.c,208 :: 		Delay_us(19200);
0x051D	0x3032      	MOVLW      50
0x051E	0x00FC      	MOVWF      R12
0x051F	0x30DD      	MOVLW      221
0x0520	0x00FD      	MOVWF      R13
L_Rotation035:
0x0521	0x0BFD      	DECFSZ     R13, 1
0x0522	0x2D21      	GOTO       L_Rotation035
0x0523	0x0BFC      	DECFSZ     R12, 1
0x0524	0x2D21      	GOTO       L_Rotation035
0x0525	0x0000      	NOP
0x0526	0x0000      	NOP
;MyProject.c,203 :: 		for (i = 0; i < 50; i++)
0x0527	0x0AF1      	INCF       R1, 1
0x0528	0x1903      	BTFSC      STATUS, 2
0x0529	0x0AF2      	INCF       R1+1, 1
;MyProject.c,210 :: 		}
0x052A	0x2D09      	GOTO       L_Rotation031
L_Rotation032:
;MyProject.c,211 :: 		PORTB = PORTB & 0x7F; // Clear RB7
0x052B	0x307F      	MOVLW      127
0x052C	0x0586      	ANDWF      PORTB, 1
;MyProject.c,212 :: 		}
L_end_Rotation0:
0x052D	0x0008      	RETURN
; end of _Rotation0
_main:
0x052E	0x1283      	BCF        STATUS, 5
0x052F	0x1303      	BCF        STATUS, 6
0x0530	0x01AD      	CLRF       _temperature
0x0531	0x01AE      	CLRF       46
0x0532	0x01AF      	CLRF       47
0x0533	0x01B0      	CLRF       48
;MyProject.c,89 :: 		void main()
;MyProject.c,93 :: 		TRISA = 0xFF; // RA1 RA3 Inputs
0x0534	0x30FF      	MOVLW      255
0x0535	0x1683      	BSF        STATUS, 5
0x0536	0x0085      	MOVWF      TRISA
;MyProject.c,94 :: 		TRISB = 0x01; // PORTB as Output Port except RB0
0x0537	0x3001      	MOVLW      1
0x0538	0x0086      	MOVWF      TRISB
;MyProject.c,95 :: 		TRISC = 0x80; // PORTC output RC7 input
0x0539	0x3080      	MOVLW      128
0x053A	0x0087      	MOVWF      TRISC
;MyProject.c,96 :: 		TRISD = 0x00; // PORTD Output
0x053B	0x0188      	CLRF       TRISD
;MyProject.c,99 :: 		PORTB = 0x00;
0x053C	0x1283      	BCF        STATUS, 5
0x053D	0x0186      	CLRF       PORTB
;MyProject.c,100 :: 		PORTD = 0x00;
0x053E	0x0188      	CLRF       PORTD
;MyProject.c,101 :: 		PORTC = 0x00;
0x053F	0x0187      	CLRF       PORTC
;MyProject.c,104 :: 		Dcntr = 0;
0x0540	0x01C4      	CLRF       _Dcntr
0x0541	0x01C5      	CLRF       _Dcntr+1
;MyProject.c,105 :: 		Mcntr = 0;
0x0542	0x01C2      	CLRF       _Mcntr
0x0543	0x01C3      	CLRF       _Mcntr+1
;MyProject.c,106 :: 		TMR0 = 248;
0x0544	0x30F8      	MOVLW      248
0x0545	0x0081      	MOVWF      TMR0
;MyProject.c,109 :: 		OPTION_REG = 0x87;//Fosc/4 with 256 prescaler => incremetn every 0.5us*256=128us ==> overflow 8count*128us=1ms to overflow
0x0546	0x3087      	MOVLW      135
0x0547	0x1683      	BSF        STATUS, 5
0x0548	0x0081      	MOVWF      OPTION_REG
;MyProject.c,110 :: 		INTCON = 0xB0; // GIE, T0IE and INTE (TMR) overflow interrupt and External Interrupt Enable)
0x0549	0x30B0      	MOVLW      176
0x054A	0x008B      	MOVWF      INTCON
;MyProject.c,111 :: 		speed = 0; // DC Motor initial speed
0x054B	0x1283      	BCF        STATUS, 5
0x054C	0x01B9      	CLRF       _speed
0x054D	0x01BA      	CLRF       _speed+1
;MyProject.c,112 :: 		current_state = 0; //Servo initial state
0x054E	0x01C8      	CLRF       _current_state
;MyProject.c,114 :: 		while (1)
L_main11:
;MyProject.c,116 :: 		read_temperature(); // Read Temperature and change speed accordingly
0x054F	0x237B      	CALL       _read_temperature
;MyProject.c,117 :: 		PWM(10, speed);
0x0550	0x300A      	MOVLW      10
0x0551	0x00CB      	MOVWF      FARG_PWM_p
0x0552	0x3000      	MOVLW      0
0x0553	0x00CC      	MOVWF      FARG_PWM_p+1
0x0554	0x0839      	MOVF       _speed, 0
0x0555	0x00CD      	MOVWF      FARG_PWM_d
0x0556	0x083A      	MOVF       _speed+1, 0
0x0557	0x00CE      	MOVWF      FARG_PWM_d+1
0x0558	0x2442      	CALL       _PWM
;MyProject.c,118 :: 		}
0x0559	0x2D4F      	GOTO       L_main11
;MyProject.c,119 :: 		}
L_end_main:
0x055A	0x2D5A      	GOTO       $+0
; end of _main
Symbol List:
//** Routines locations **
//ADDRESS    SIZE    PROCEDURE
//----------------------------------------------
0x0004     [180]    _interrupt
0x00B8       [7]    _RES032
0x00BF      [12]    _SETFUN32
0x00CB       [4]    _FIXSIGN32
0x00CF      [47]    _NRM3232
0x00FE      [12]    _SETFOV32
0x010A      [13]    _SETIOV3224
0x0117       [3]    _SETFDZ32
0x011A      [22]    _word2double
0x0130      [14]    _myDelay
0x013E      [43]    _Mul_16X16_U
0x0169      [97]    _Mul_32x32_FP
0x01CA     [183]    _Div_32x32_FP
0x0281      [95]    _double2word
0x02E0      [80]    _Compare_Double
0x0330       [7]    _____DoICP
0x0337      [16]    _ATD_read_TMP
0x0347      [29]    _Div_16X16_U
0x0364       [8]    _ATD_init_TMP
0x036C      [15]    _ATD_read_LDR
0x037B     [199]    _read_temperature
0x0442      [42]    _PWM
0x046C      [24]    _myDDelay
0x0484      [12]    ___CC2DW
0x0490       [8]    _ATD_init_LDR
0x0498      [26]    _LDR_Servo
0x04B2      [43]    _Rotation90
0x04DD      [40]    _Rotation45
0x0505      [41]    _Rotation0
0x052E      [45]    _main
//** Variables locations ** 
//ADDRESS    SIZE    VARIABLE
//----------------------------------------------
0x0000       [1]    INDF
0x0001       [1]    TMR0
0x0002       [1]    PCL
0x0003       [1]    STATUS
0x0004       [1]    FSR
0x0006       [1]    PORTB
0x0007       [1]    PORTC
0x0008       [1]    PORTD
0x000A       [1]    PCLATH
0x000B       [1]    INTCON
0x001E       [1]    ADRESH
0x001F       [1]    ADCON0
0x0020       [1]    __math_tempbD
0x002D       [4]    _temperature
0x0031       [4]    _myreading2
0x0035       [2]    ___DoICPAddr
0x0037       [2]    _t
0x0039       [2]    _speed
0x003B       [2]    _myreading
0x003D       [2]    _duty
0x003F       [2]    _voltage
0x0041       [1]    _myVoltage
0x0042       [2]    _Mcntr
0x0044       [2]    _Dcntr
0x0046       [2]    _period
0x0048       [1]    _current_state
0x0049       [1]    ___savePCLATH
0x004A       [1]    ___saveSTATUS
0x004B       [4]    FLOC__read_temperature
0x004B       [2]    FARG_PWM_p
0x004D       [2]    FARG_PWM_d
0x004F       [2]    FARG_myDelay_x
0x0051       [1]    interrupt_ii_L1
0x0070       [1]    R0
0x0071       [1]    R1
0x0072       [1]    R2
0x0073       [1]    R3
0x0074       [1]    R4
0x0075       [1]    R5
0x0076       [1]    R6
0x0077       [1]    R7
0x0078       [1]    R8
0x0079       [1]    R9
0x007A       [1]    R10
0x007B       [1]    R11
0x007C       [1]    R12
0x007D       [1]    R13
0x007E       [1]    R14
0x007F       [1]    R15
0x0081       [1]    OPTION_REG
0x0085       [1]    TRISA
0x0086       [1]    TRISB
0x0087       [1]    TRISC
0x0088       [1]    TRISD
0x009E       [1]    ADRESL
0x009F       [1]    ADCON1
